{"/Users/long/_dev/spec-project/realtime-chat/backend/src/db/init.js": {"path":"/Users/long/_dev/spec-project/realtime-chat/backend/src/db/init.js","statementMap":{"0":{"start":{"line":8,"column":17},"end":{"line":8,"column":42}},"1":{"start":{"line":9,"column":13},"end":{"line":9,"column":28}},"2":{"start":{"line":10,"column":11},"end":{"line":10,"column":24}},"3":{"start":{"line":11,"column":20},"end":{"line":11,"column":40}},"4":{"start":{"line":20,"column":18},"end":{"line":20,"column":38}},"5":{"start":{"line":23,"column":2},"end":{"line":26,"column":3}},"6":{"start":{"line":24,"column":4},"end":{"line":24,"column":47}},"7":{"start":{"line":25,"column":4},"end":{"line":25,"column":59}},"8":{"start":{"line":28,"column":19},"end":{"line":28,"column":40}},"9":{"start":{"line":29,"column":2},"end":{"line":29,"column":86}},"10":{"start":{"line":32,"column":13},"end":{"line":32,"column":28}},"11":{"start":{"line":35,"column":2},"end":{"line":57,"column":3}},"12":{"start":{"line":36,"column":4},"end":{"line":36,"column":49}},"13":{"start":{"line":39,"column":23},"end":{"line":41,"column":5}},"14":{"start":{"line":42,"column":16},"end":{"line":42,"column":26}},"15":{"start":{"line":43,"column":4},"end":{"line":43,"column":34}},"16":{"start":{"line":45,"column":23},"end":{"line":45,"column":90}},"17":{"start":{"line":48,"column":23},"end":{"line":50,"column":5}},"18":{"start":{"line":52,"column":4},"end":{"line":52,"column":50}},"19":{"start":{"line":53,"column":4},"end":{"line":53,"column":49}},"20":{"start":{"line":54,"column":4},"end":{"line":54,"column":47}},"21":{"start":{"line":56,"column":4},"end":{"line":56,"column":68}},"22":{"start":{"line":59,"column":2},"end":{"line":59,"column":12}},"23":{"start":{"line":63,"column":0},"end":{"line":69,"column":1}},"24":{"start":{"line":64,"column":17},"end":{"line":64,"column":88}},"25":{"start":{"line":65,"column":21},"end":{"line":65,"column":52}},"26":{"start":{"line":66,"column":2},"end":{"line":66,"column":35}},"27":{"start":{"line":67,"column":2},"end":{"line":67,"column":46}},"28":{"start":{"line":68,"column":2},"end":{"line":68,"column":18}},"29":{"start":{"line":71,"column":0},"end":{"line":71,"column":34}}},"fnMap":{"0":{"name":"initDatabase","decl":{"start":{"line":19,"column":9},"end":{"line":19,"column":21}},"loc":{"start":{"line":19,"column":44},"end":{"line":60,"column":1}},"line":19}},"branchMap":{"0":{"loc":{"start":{"line":19,"column":30},"end":{"line":19,"column":42}},"type":"default-arg","locations":[{"start":{"line":19,"column":37},"end":{"line":19,"column":42}}],"line":19},"1":{"loc":{"start":{"line":23,"column":2},"end":{"line":26,"column":3}},"type":"if","locations":[{"start":{"line":23,"column":2},"end":{"line":26,"column":3}},{"start":{},"end":{}}],"line":23},"2":{"loc":{"start":{"line":29,"column":31},"end":{"line":29,"column":69}},"type":"cond-expr","locations":[{"start":{"line":29,"column":42},"end":{"line":29,"column":50}},{"start":{"line":29,"column":53},"end":{"line":29,"column":69}}],"line":29},"3":{"loc":{"start":{"line":35,"column":2},"end":{"line":57,"column":3}},"type":"if","locations":[{"start":{"line":35,"column":2},"end":{"line":57,"column":3}},{"start":{},"end":{}}],"line":35},"4":{"loc":{"start":{"line":35,"column":6},"end":{"line":35,"column":23}},"type":"binary-expr","locations":[{"start":{"line":35,"column":6},"end":{"line":35,"column":10}},{"start":{"line":35,"column":14},"end":{"line":35,"column":23}}],"line":35},"5":{"loc":{"start":{"line":63,"column":0},"end":{"line":69,"column":1}},"type":"if","locations":[{"start":{"line":63,"column":0},"end":{"line":69,"column":1}},{"start":{},"end":{}}],"line":63},"6":{"loc":{"start":{"line":64,"column":17},"end":{"line":64,"column":88}},"type":"binary-expr","locations":[{"start":{"line":64,"column":17},"end":{"line":64,"column":42}},{"start":{"line":64,"column":46},"end":{"line":64,"column":88}}],"line":64}},"s":{"0":0,"1":0,"2":0,"3":0,"4":0,"5":0,"6":0,"7":0,"8":0,"9":0,"10":0,"11":0,"12":0,"13":0,"14":0,"15":0,"16":0,"17":0,"18":0,"19":0,"20":0,"21":0,"22":0,"23":0,"24":0,"25":0,"26":0,"27":0,"28":0,"29":0},"f":{"0":0},"b":{"0":[0],"1":[0,0],"2":[0,0],"3":[0,0],"4":[0,0],"5":[0,0],"6":[0,0]}}
,"/Users/long/_dev/spec-project/realtime-chat/backend/src/db/migrate.js": {"path":"/Users/long/_dev/spec-project/realtime-chat/backend/src/db/migrate.js","statementMap":{"0":{"start":{"line":8,"column":17},"end":{"line":8,"column":42}},"1":{"start":{"line":9,"column":13},"end":{"line":9,"column":28}},"2":{"start":{"line":17,"column":2},"end":{"line":17,"column":56}},"3":{"start":{"line":19,"column":13},"end":{"line":19,"column":33}},"4":{"start":{"line":22,"column":2},"end":{"line":22,"column":34}},"5":{"start":{"line":23,"column":2},"end":{"line":23,"column":61}},"6":{"start":{"line":26,"column":2},"end":{"line":34,"column":5}},"7":{"start":{"line":35,"column":2},"end":{"line":35,"column":42}},"8":{"start":{"line":37,"column":2},"end":{"line":39,"column":5}},"9":{"start":{"line":40,"column":2},"end":{"line":40,"column":54}},"10":{"start":{"line":43,"column":2},"end":{"line":53,"column":5}},"11":{"start":{"line":54,"column":2},"end":{"line":54,"column":42}},"12":{"start":{"line":56,"column":2},"end":{"line":58,"column":5}},"13":{"start":{"line":59,"column":2},"end":{"line":59,"column":50}},"14":{"start":{"line":61,"column":2},"end":{"line":63,"column":5}},"15":{"start":{"line":64,"column":2},"end":{"line":64,"column":81}},"16":{"start":{"line":67,"column":2},"end":{"line":80,"column":5}},"17":{"start":{"line":81,"column":2},"end":{"line":81,"column":45}},"18":{"start":{"line":83,"column":2},"end":{"line":85,"column":5}},"19":{"start":{"line":86,"column":2},"end":{"line":86,"column":78}},"20":{"start":{"line":88,"column":2},"end":{"line":90,"column":5}},"21":{"start":{"line":91,"column":2},"end":{"line":91,"column":56}},"22":{"start":{"line":93,"column":2},"end":{"line":93,"column":55}},"23":{"start":{"line":94,"column":2},"end":{"line":94,"column":12}},"24":{"start":{"line":98,"column":0},"end":{"line":102,"column":1}},"25":{"start":{"line":99,"column":17},"end":{"line":99,"column":88}},"26":{"start":{"line":100,"column":2},"end":{"line":100,"column":18}},"27":{"start":{"line":101,"column":2},"end":{"line":101,"column":18}},"28":{"start":{"line":104,"column":0},"end":{"line":104,"column":29}}},"fnMap":{"0":{"name":"migrate","decl":{"start":{"line":16,"column":9},"end":{"line":16,"column":16}},"loc":{"start":{"line":16,"column":25},"end":{"line":95,"column":1}},"line":16}},"branchMap":{"0":{"loc":{"start":{"line":98,"column":0},"end":{"line":102,"column":1}},"type":"if","locations":[{"start":{"line":98,"column":0},"end":{"line":102,"column":1}},{"start":{},"end":{}}],"line":98},"1":{"loc":{"start":{"line":99,"column":17},"end":{"line":99,"column":88}},"type":"binary-expr","locations":[{"start":{"line":99,"column":17},"end":{"line":99,"column":42}},{"start":{"line":99,"column":46},"end":{"line":99,"column":88}}],"line":99}},"s":{"0":1,"1":1,"2":1,"3":1,"4":1,"5":1,"6":1,"7":1,"8":1,"9":1,"10":1,"11":1,"12":1,"13":1,"14":1,"15":1,"16":1,"17":1,"18":1,"19":1,"20":1,"21":1,"22":1,"23":1,"24":1,"25":0,"26":0,"27":0,"28":1},"f":{"0":1},"b":{"0":[0,1],"1":[0,0]},"_coverageSchema":"1a1c01bbd47fc00a2c39e90264f33305004495a9","hash":"acaa607ae1a151c15e3a15ed8bd0a9b473b9b7fb"}
,"/Users/long/_dev/spec-project/realtime-chat/backend/src/db/seed-large.js": {"path":"/Users/long/_dev/spec-project/realtime-chat/backend/src/db/seed-large.js","statementMap":{"0":{"start":{"line":8,"column":17},"end":{"line":8,"column":42}},"1":{"start":{"line":9,"column":13},"end":{"line":9,"column":28}},"2":{"start":{"line":10,"column":25},"end":{"line":10,"column":42}},"3":{"start":{"line":17,"column":13},"end":{"line":17,"column":39}},"4":{"start":{"line":19,"column":2},"end":{"line":19,"column":70}},"5":{"start":{"line":21,"column":14},"end":{"line":21,"column":24}},"6":{"start":{"line":24,"column":21},"end":{"line":26,"column":3}},"7":{"start":{"line":28,"column":16},"end":{"line":28,"column":85}},"8":{"start":{"line":29,"column":2},"end":{"line":31,"column":5}},"9":{"start":{"line":30,"column":4},"end":{"line":30,"column":34}},"10":{"start":{"line":32,"column":2},"end":{"line":32,"column":70}},"11":{"start":{"line":35,"column":20},"end":{"line":35,"column":73}},"12":{"start":{"line":36,"column":18},"end":{"line":36,"column":69}},"13":{"start":{"line":36,"column":42},"end":{"line":36,"column":68}},"14":{"start":{"line":39,"column":20},"end":{"line":39,"column":69}},"15":{"start":{"line":40,"column":18},"end":{"line":40,"column":42}},"16":{"start":{"line":43,"column":24},"end":{"line":46,"column":4}},"17":{"start":{"line":48,"column":21},"end":{"line":55,"column":4}},"18":{"start":{"line":49,"column":4},"end":{"line":54,"column":5}},"19":{"start":{"line":49,"column":17},"end":{"line":49,"column":18}},"20":{"start":{"line":50,"column":21},"end":{"line":50,"column":48}},"21":{"start":{"line":51,"column":22},"end":{"line":51,"column":74}},"22":{"start":{"line":52,"column":24},"end":{"line":52,"column":37}},"23":{"start":{"line":53,"column":6},"end":{"line":53,"column":75}},"24":{"start":{"line":57,"column":2},"end":{"line":57,"column":18}},"25":{"start":{"line":59,"column":2},"end":{"line":59,"column":66}},"26":{"start":{"line":60,"column":2},"end":{"line":60,"column":53}},"27":{"start":{"line":62,"column":2},"end":{"line":62,"column":13}},"28":{"start":{"line":66,"column":0},"end":{"line":70,"column":1}},"29":{"start":{"line":67,"column":17},"end":{"line":67,"column":88}},"30":{"start":{"line":68,"column":2},"end":{"line":68,"column":20}},"31":{"start":{"line":69,"column":2},"end":{"line":69,"column":18}},"32":{"start":{"line":72,"column":0},"end":{"line":72,"column":31}}},"fnMap":{"0":{"name":"seedLarge","decl":{"start":{"line":16,"column":9},"end":{"line":16,"column":18}},"loc":{"start":{"line":16,"column":27},"end":{"line":63,"column":1}},"line":16},"1":{"name":"(anonymous_1)","decl":{"start":{"line":29,"column":16},"end":{"line":29,"column":17}},"loc":{"start":{"line":29,"column":30},"end":{"line":31,"column":3}},"line":29},"2":{"name":"(anonymous_2)","decl":{"start":{"line":36,"column":28},"end":{"line":36,"column":29}},"loc":{"start":{"line":36,"column":42},"end":{"line":36,"column":68}},"line":36},"3":{"name":"(anonymous_3)","decl":{"start":{"line":48,"column":36},"end":{"line":48,"column":37}},"loc":{"start":{"line":48,"column":47},"end":{"line":55,"column":3}},"line":48}},"branchMap":{"0":{"loc":{"start":{"line":66,"column":0},"end":{"line":70,"column":1}},"type":"if","locations":[{"start":{"line":66,"column":0},"end":{"line":70,"column":1}},{"start":{},"end":{}}],"line":66},"1":{"loc":{"start":{"line":67,"column":17},"end":{"line":67,"column":88}},"type":"binary-expr","locations":[{"start":{"line":67,"column":17},"end":{"line":67,"column":42}},{"start":{"line":67,"column":46},"end":{"line":67,"column":88}}],"line":67}},"s":{"0":0,"1":0,"2":0,"3":0,"4":0,"5":0,"6":0,"7":0,"8":0,"9":0,"10":0,"11":0,"12":0,"13":0,"14":0,"15":0,"16":0,"17":0,"18":0,"19":0,"20":0,"21":0,"22":0,"23":0,"24":0,"25":0,"26":0,"27":0,"28":0,"29":0,"30":0,"31":0,"32":0},"f":{"0":0,"1":0,"2":0,"3":0},"b":{"0":[0,0],"1":[0,0]}}
,"/Users/long/_dev/spec-project/realtime-chat/backend/src/db/seed.js": {"path":"/Users/long/_dev/spec-project/realtime-chat/backend/src/db/seed.js","statementMap":{"0":{"start":{"line":8,"column":17},"end":{"line":8,"column":42}},"1":{"start":{"line":9,"column":13},"end":{"line":9,"column":28}},"2":{"start":{"line":10,"column":25},"end":{"line":10,"column":42}},"3":{"start":{"line":17,"column":13},"end":{"line":17,"column":39}},"4":{"start":{"line":19,"column":2},"end":{"line":19,"column":47}},"5":{"start":{"line":21,"column":14},"end":{"line":21,"column":24}},"6":{"start":{"line":24,"column":21},"end":{"line":26,"column":3}},"7":{"start":{"line":28,"column":16},"end":{"line":28,"column":43}},"8":{"start":{"line":29,"column":2},"end":{"line":31,"column":5}},"9":{"start":{"line":30,"column":4},"end":{"line":30,"column":34}},"10":{"start":{"line":32,"column":2},"end":{"line":32,"column":61}},"11":{"start":{"line":35,"column":20},"end":{"line":35,"column":73}},"12":{"start":{"line":36,"column":16},"end":{"line":36,"column":38}},"13":{"start":{"line":37,"column":14},"end":{"line":37,"column":34}},"14":{"start":{"line":38,"column":18},"end":{"line":38,"column":42}},"15":{"start":{"line":41,"column":20},"end":{"line":41,"column":69}},"16":{"start":{"line":42,"column":18},"end":{"line":42,"column":42}},"17":{"start":{"line":45,"column":24},"end":{"line":48,"column":4}},"18":{"start":{"line":50,"column":19},"end":{"line":55,"column":3}},"19":{"start":{"line":57,"column":2},"end":{"line":59,"column":5}},"20":{"start":{"line":58,"column":4},"end":{"line":58,"column":99}},"21":{"start":{"line":61,"column":2},"end":{"line":61,"column":83}},"22":{"start":{"line":62,"column":2},"end":{"line":62,"column":45}},"23":{"start":{"line":64,"column":2},"end":{"line":64,"column":13}},"24":{"start":{"line":68,"column":0},"end":{"line":72,"column":1}},"25":{"start":{"line":69,"column":17},"end":{"line":69,"column":88}},"26":{"start":{"line":70,"column":2},"end":{"line":70,"column":15}},"27":{"start":{"line":71,"column":2},"end":{"line":71,"column":18}},"28":{"start":{"line":74,"column":0},"end":{"line":74,"column":26}}},"fnMap":{"0":{"name":"seed","decl":{"start":{"line":16,"column":9},"end":{"line":16,"column":13}},"loc":{"start":{"line":16,"column":22},"end":{"line":65,"column":1}},"line":16},"1":{"name":"(anonymous_1)","decl":{"start":{"line":29,"column":16},"end":{"line":29,"column":17}},"loc":{"start":{"line":29,"column":30},"end":{"line":31,"column":3}},"line":29},"2":{"name":"(anonymous_2)","decl":{"start":{"line":57,"column":19},"end":{"line":57,"column":20}},"loc":{"start":{"line":57,"column":35},"end":{"line":59,"column":3}},"line":57}},"branchMap":{"0":{"loc":{"start":{"line":68,"column":0},"end":{"line":72,"column":1}},"type":"if","locations":[{"start":{"line":68,"column":0},"end":{"line":72,"column":1}},{"start":{},"end":{}}],"line":68},"1":{"loc":{"start":{"line":69,"column":17},"end":{"line":69,"column":88}},"type":"binary-expr","locations":[{"start":{"line":69,"column":17},"end":{"line":69,"column":42}},{"start":{"line":69,"column":46},"end":{"line":69,"column":88}}],"line":69}},"s":{"0":0,"1":0,"2":0,"3":0,"4":0,"5":0,"6":0,"7":0,"8":0,"9":0,"10":0,"11":0,"12":0,"13":0,"14":0,"15":0,"16":0,"17":0,"18":0,"19":0,"20":0,"21":0,"22":0,"23":0,"24":0,"25":0,"26":0,"27":0,"28":0},"f":{"0":0,"1":0,"2":0},"b":{"0":[0,0],"1":[0,0]}}
,"/Users/long/_dev/spec-project/realtime-chat/backend/src/handlers/authHandler.js": {"path":"/Users/long/_dev/spec-project/realtime-chat/backend/src/handlers/authHandler.js","statementMap":{"0":{"start":{"line":8,"column":29},"end":{"line":8,"column":77}},"1":{"start":{"line":9,"column":13},"end":{"line":9,"column":38}},"2":{"start":{"line":10,"column":23},"end":{"line":10,"column":60}},"3":{"start":{"line":13,"column":23},"end":{"line":13,"column":32}},"4":{"start":{"line":20,"column":17},"end":{"line":20,"column":50}},"5":{"start":{"line":21,"column":25},"end":{"line":21,"column":51}},"6":{"start":{"line":22,"column":13},"end":{"line":22,"column":41}},"7":{"start":{"line":23,"column":20},"end":{"line":23,"column":32}},"8":{"start":{"line":28,"column":2},"end":{"line":76,"column":5}},"9":{"start":{"line":29,"column":4},"end":{"line":75,"column":5}},"10":{"start":{"line":30,"column":27},"end":{"line":30,"column":37}},"11":{"start":{"line":33,"column":25},"end":{"line":33,"column":51}},"12":{"start":{"line":34,"column":6},"end":{"line":37,"column":7}},"13":{"start":{"line":35,"column":8},"end":{"line":35,"column":63}},"14":{"start":{"line":36,"column":8},"end":{"line":36,"column":15}},"15":{"start":{"line":39,"column":33},"end":{"line":39,"column":55}},"16":{"start":{"line":42,"column":6},"end":{"line":47,"column":7}},"17":{"start":{"line":43,"column":8},"end":{"line":45,"column":11}},"18":{"start":{"line":46,"column":8},"end":{"line":46,"column":15}},"19":{"start":{"line":50,"column":17},"end":{"line":50,"column":51}},"20":{"start":{"line":51,"column":6},"end":{"line":53,"column":7}},"21":{"start":{"line":52,"column":8},"end":{"line":52,"column":42}},"22":{"start":{"line":56,"column":6},"end":{"line":56,"column":39}},"23":{"start":{"line":57,"column":6},"end":{"line":57,"column":38}},"24":{"start":{"line":58,"column":6},"end":{"line":58,"column":35}},"25":{"start":{"line":61,"column":6},"end":{"line":61,"column":56}},"26":{"start":{"line":64,"column":6},"end":{"line":64,"column":40}},"27":{"start":{"line":67,"column":6},"end":{"line":70,"column":9}},"28":{"start":{"line":72,"column":6},"end":{"line":74,"column":9}},"29":{"start":{"line":81,"column":2},"end":{"line":86,"column":5}},"30":{"start":{"line":82,"column":4},"end":{"line":85,"column":5}},"31":{"start":{"line":83,"column":33},"end":{"line":83,"column":67}},"32":{"start":{"line":84,"column":6},"end":{"line":84,"column":48}},"33":{"start":{"line":89,"column":0},"end":{"line":89,"column":29}}},"fnMap":{"0":{"name":"authHandler","decl":{"start":{"line":19,"column":9},"end":{"line":19,"column":20}},"loc":{"start":{"line":19,"column":29},"end":{"line":87,"column":1}},"line":19},"1":{"name":"(anonymous_1)","decl":{"start":{"line":28,"column":28},"end":{"line":28,"column":29}},"loc":{"start":{"line":28,"column":44},"end":{"line":76,"column":3}},"line":28},"2":{"name":"(anonymous_2)","decl":{"start":{"line":81,"column":26},"end":{"line":81,"column":27}},"loc":{"start":{"line":81,"column":32},"end":{"line":86,"column":3}},"line":81}},"branchMap":{"0":{"loc":{"start":{"line":20,"column":17},"end":{"line":20,"column":50}},"type":"binary-expr","locations":[{"start":{"line":20,"column":17},"end":{"line":20,"column":36}},{"start":{"line":20,"column":40},"end":{"line":20,"column":50}}],"line":20},"1":{"loc":{"start":{"line":30,"column":27},"end":{"line":30,"column":37}},"type":"binary-expr","locations":[{"start":{"line":30,"column":27},"end":{"line":30,"column":31}},{"start":{"line":30,"column":35},"end":{"line":30,"column":37}}],"line":30},"2":{"loc":{"start":{"line":34,"column":6},"end":{"line":37,"column":7}},"type":"if","locations":[{"start":{"line":34,"column":6},"end":{"line":37,"column":7}},{"start":{},"end":{}}],"line":34},"3":{"loc":{"start":{"line":42,"column":6},"end":{"line":47,"column":7}},"type":"if","locations":[{"start":{"line":42,"column":6},"end":{"line":47,"column":7}},{"start":{},"end":{}}],"line":42},"4":{"loc":{"start":{"line":51,"column":6},"end":{"line":53,"column":7}},"type":"if","locations":[{"start":{"line":51,"column":6},"end":{"line":53,"column":7}},{"start":{},"end":{}}],"line":51},"5":{"loc":{"start":{"line":73,"column":15},"end":{"line":73,"column":55}},"type":"binary-expr","locations":[{"start":{"line":73,"column":15},"end":{"line":73,"column":28}},{"start":{"line":73,"column":32},"end":{"line":73,"column":55}}],"line":73},"6":{"loc":{"start":{"line":82,"column":4},"end":{"line":85,"column":5}},"type":"if","locations":[{"start":{"line":82,"column":4},"end":{"line":85,"column":5}},{"start":{},"end":{}}],"line":82}},"s":{"0":1,"1":1,"2":1,"3":1,"4":1,"5":1,"6":1,"7":1,"8":1,"9":1,"10":1,"11":1,"12":1,"13":0,"14":0,"15":1,"16":1,"17":0,"18":0,"19":1,"20":1,"21":1,"22":1,"23":1,"24":1,"25":1,"26":1,"27":1,"28":0,"29":1,"30":1,"31":1,"32":1,"33":1},"f":{"0":1,"1":1,"2":1},"b":{"0":[1,1],"1":[1,0],"2":[0,1],"3":[0,1],"4":[1,0],"5":[0,0],"6":[1,0]},"_coverageSchema":"1a1c01bbd47fc00a2c39e90264f33305004495a9","hash":"5188d9f35c4ea315707f6fd616d1a6beea9292df"}
,"/Users/long/_dev/spec-project/realtime-chat/backend/src/handlers/messageHandler.js": {"path":"/Users/long/_dev/spec-project/realtime-chat/backend/src/handlers/messageHandler.js","statementMap":{"0":{"start":{"line":8,"column":16},"end":{"line":8,"column":44}},"1":{"start":{"line":9,"column":13},"end":{"line":9,"column":38}},"2":{"start":{"line":10,"column":23},"end":{"line":10,"column":60}},"3":{"start":{"line":11,"column":23},"end":{"line":11,"column":60}},"4":{"start":{"line":14,"column":25},"end":{"line":14,"column":44}},"5":{"start":{"line":21,"column":17},"end":{"line":21,"column":50}},"6":{"start":{"line":22,"column":25},"end":{"line":22,"column":51}},"7":{"start":{"line":23,"column":13},"end":{"line":23,"column":41}},"8":{"start":{"line":25,"column":23},"end":{"line":25,"column":38}},"9":{"start":{"line":26,"column":20},"end":{"line":26,"column":32}},"10":{"start":{"line":27,"column":25},"end":{"line":27,"column":57}},"11":{"start":{"line":32,"column":2},"end":{"line":79,"column":5}},"12":{"start":{"line":33,"column":4},"end":{"line":78,"column":5}},"13":{"start":{"line":35,"column":6},"end":{"line":38,"column":7}},"14":{"start":{"line":36,"column":8},"end":{"line":36,"column":63}},"15":{"start":{"line":37,"column":8},"end":{"line":37,"column":15}},"16":{"start":{"line":41,"column":28},"end":{"line":41,"column":53}},"17":{"start":{"line":42,"column":6},"end":{"line":45,"column":7}},"18":{"start":{"line":43,"column":8},"end":{"line":43,"column":88}},"19":{"start":{"line":44,"column":8},"end":{"line":44,"column":15}},"20":{"start":{"line":47,"column":26},"end":{"line":47,"column":36}},"21":{"start":{"line":48,"column":21},"end":{"line":48,"column":39}},"22":{"start":{"line":49,"column":23},"end":{"line":49,"column":43}},"23":{"start":{"line":50,"column":24},"end":{"line":50,"column":34}},"24":{"start":{"line":53,"column":22},"end":{"line":58,"column":8}},"25":{"start":{"line":61,"column":6},"end":{"line":67,"column":9}},"26":{"start":{"line":70,"column":6},"end":{"line":75,"column":9}},"27":{"start":{"line":77,"column":6},"end":{"line":77,"column":83}},"28":{"start":{"line":84,"column":2},"end":{"line":144,"column":5}},"29":{"start":{"line":85,"column":4},"end":{"line":143,"column":5}},"30":{"start":{"line":87,"column":6},"end":{"line":90,"column":7}},"31":{"start":{"line":88,"column":8},"end":{"line":88,"column":63}},"32":{"start":{"line":89,"column":8},"end":{"line":89,"column":15}},"33":{"start":{"line":93,"column":28},"end":{"line":93,"column":53}},"34":{"start":{"line":94,"column":6},"end":{"line":97,"column":7}},"35":{"start":{"line":95,"column":8},"end":{"line":95,"column":88}},"36":{"start":{"line":96,"column":8},"end":{"line":96,"column":15}},"37":{"start":{"line":99,"column":42},"end":{"line":99,"column":52}},"38":{"start":{"line":102,"column":6},"end":{"line":105,"column":7}},"39":{"start":{"line":103,"column":8},"end":{"line":103,"column":65}},"40":{"start":{"line":104,"column":8},"end":{"line":104,"column":15}},"41":{"start":{"line":108,"column":6},"end":{"line":113,"column":7}},"42":{"start":{"line":109,"column":8},"end":{"line":111,"column":11}},"43":{"start":{"line":112,"column":8},"end":{"line":112,"column":15}},"44":{"start":{"line":116,"column":21},"end":{"line":116,"column":42}},"45":{"start":{"line":119,"column":21},"end":{"line":122,"column":8}},"46":{"start":{"line":125,"column":36},"end":{"line":133,"column":8}},"47":{"start":{"line":126,"column":21},"end":{"line":126,"column":52}},"48":{"start":{"line":127,"column":8},"end":{"line":132,"column":10}},"49":{"start":{"line":136,"column":6},"end":{"line":140,"column":9}},"50":{"start":{"line":142,"column":6},"end":{"line":142,"column":84}},"51":{"start":{"line":147,"column":0},"end":{"line":147,"column":32}}},"fnMap":{"0":{"name":"messageHandler","decl":{"start":{"line":20,"column":9},"end":{"line":20,"column":23}},"loc":{"start":{"line":20,"column":32},"end":{"line":145,"column":1}},"line":20},"1":{"name":"(anonymous_1)","decl":{"start":{"line":32,"column":28},"end":{"line":32,"column":29}},"loc":{"start":{"line":32,"column":44},"end":{"line":79,"column":3}},"line":32},"2":{"name":"(anonymous_2)","decl":{"start":{"line":84,"column":29},"end":{"line":84,"column":30}},"loc":{"start":{"line":84,"column":45},"end":{"line":144,"column":3}},"line":84},"3":{"name":"(anonymous_3)","decl":{"start":{"line":125,"column":56},"end":{"line":125,"column":57}},"loc":{"start":{"line":125,"column":63},"end":{"line":133,"column":7}},"line":125}},"branchMap":{"0":{"loc":{"start":{"line":21,"column":17},"end":{"line":21,"column":50}},"type":"binary-expr","locations":[{"start":{"line":21,"column":17},"end":{"line":21,"column":36}},{"start":{"line":21,"column":40},"end":{"line":21,"column":50}}],"line":21},"1":{"loc":{"start":{"line":35,"column":6},"end":{"line":38,"column":7}},"type":"if","locations":[{"start":{"line":35,"column":6},"end":{"line":38,"column":7}},{"start":{},"end":{}}],"line":35},"2":{"loc":{"start":{"line":42,"column":6},"end":{"line":45,"column":7}},"type":"if","locations":[{"start":{"line":42,"column":6},"end":{"line":45,"column":7}},{"start":{},"end":{}}],"line":42},"3":{"loc":{"start":{"line":47,"column":26},"end":{"line":47,"column":36}},"type":"binary-expr","locations":[{"start":{"line":47,"column":26},"end":{"line":47,"column":30}},{"start":{"line":47,"column":34},"end":{"line":47,"column":36}}],"line":47},"4":{"loc":{"start":{"line":77,"column":38},"end":{"line":77,"column":79}},"type":"binary-expr","locations":[{"start":{"line":77,"column":38},"end":{"line":77,"column":51}},{"start":{"line":77,"column":55},"end":{"line":77,"column":79}}],"line":77},"5":{"loc":{"start":{"line":87,"column":6},"end":{"line":90,"column":7}},"type":"if","locations":[{"start":{"line":87,"column":6},"end":{"line":90,"column":7}},{"start":{},"end":{}}],"line":87},"6":{"loc":{"start":{"line":94,"column":6},"end":{"line":97,"column":7}},"type":"if","locations":[{"start":{"line":94,"column":6},"end":{"line":97,"column":7}},{"start":{},"end":{}}],"line":94},"7":{"loc":{"start":{"line":99,"column":14},"end":{"line":99,"column":22}},"type":"default-arg","locations":[{"start":{"line":99,"column":21},"end":{"line":99,"column":22}}],"line":99},"8":{"loc":{"start":{"line":99,"column":24},"end":{"line":99,"column":37}},"type":"default-arg","locations":[{"start":{"line":99,"column":35},"end":{"line":99,"column":37}}],"line":99},"9":{"loc":{"start":{"line":99,"column":42},"end":{"line":99,"column":52}},"type":"binary-expr","locations":[{"start":{"line":99,"column":42},"end":{"line":99,"column":46}},{"start":{"line":99,"column":50},"end":{"line":99,"column":52}}],"line":99},"10":{"loc":{"start":{"line":102,"column":6},"end":{"line":105,"column":7}},"type":"if","locations":[{"start":{"line":102,"column":6},"end":{"line":105,"column":7}},{"start":{},"end":{}}],"line":102},"11":{"loc":{"start":{"line":108,"column":6},"end":{"line":113,"column":7}},"type":"if","locations":[{"start":{"line":108,"column":6},"end":{"line":113,"column":7}},{"start":{},"end":{}}],"line":108},"12":{"loc":{"start":{"line":130,"column":20},"end":{"line":130,"column":52}},"type":"cond-expr","locations":[{"start":{"line":130,"column":27},"end":{"line":130,"column":40}},{"start":{"line":130,"column":43},"end":{"line":130,"column":52}}],"line":130},"13":{"loc":{"start":{"line":142,"column":38},"end":{"line":142,"column":80}},"type":"binary-expr","locations":[{"start":{"line":142,"column":38},"end":{"line":142,"column":51}},{"start":{"line":142,"column":55},"end":{"line":142,"column":80}}],"line":142}},"s":{"0":0,"1":0,"2":0,"3":0,"4":0,"5":0,"6":0,"7":0,"8":0,"9":0,"10":0,"11":0,"12":0,"13":0,"14":0,"15":0,"16":0,"17":0,"18":0,"19":0,"20":0,"21":0,"22":0,"23":0,"24":0,"25":0,"26":0,"27":0,"28":0,"29":0,"30":0,"31":0,"32":0,"33":0,"34":0,"35":0,"36":0,"37":0,"38":0,"39":0,"40":0,"41":0,"42":0,"43":0,"44":0,"45":0,"46":0,"47":0,"48":0,"49":0,"50":0,"51":0},"f":{"0":0,"1":0,"2":0,"3":0},"b":{"0":[0,0],"1":[0,0],"2":[0,0],"3":[0,0],"4":[0,0],"5":[0,0],"6":[0,0],"7":[0],"8":[0],"9":[0,0],"10":[0,0],"11":[0,0],"12":[0,0],"13":[0,0]}}
,"/Users/long/_dev/spec-project/realtime-chat/backend/src/handlers/roomHandler.js": {"path":"/Users/long/_dev/spec-project/realtime-chat/backend/src/handlers/roomHandler.js","statementMap":{"0":{"start":{"line":8,"column":29},"end":{"line":8,"column":77}},"1":{"start":{"line":9,"column":13},"end":{"line":9,"column":38}},"2":{"start":{"line":10,"column":16},"end":{"line":10,"column":44}},"3":{"start":{"line":11,"column":23},"end":{"line":11,"column":60}},"4":{"start":{"line":12,"column":20},"end":{"line":12,"column":54}},"5":{"start":{"line":13,"column":23},"end":{"line":13,"column":60}},"6":{"start":{"line":14,"column":24},"end":{"line":14,"column":62}},"7":{"start":{"line":17,"column":24},"end":{"line":17,"column":45}},"8":{"start":{"line":24,"column":17},"end":{"line":24,"column":50}},"9":{"start":{"line":25,"column":25},"end":{"line":25,"column":51}},"10":{"start":{"line":26,"column":13},"end":{"line":26,"column":41}},"11":{"start":{"line":28,"column":20},"end":{"line":28,"column":32}},"12":{"start":{"line":29,"column":23},"end":{"line":29,"column":38}},"13":{"start":{"line":30,"column":22},"end":{"line":30,"column":48}},"14":{"start":{"line":31,"column":25},"end":{"line":31,"column":57}},"15":{"start":{"line":36,"column":2},"end":{"line":122,"column":5}},"16":{"start":{"line":37,"column":4},"end":{"line":121,"column":5}},"17":{"start":{"line":39,"column":6},"end":{"line":42,"column":7}},"18":{"start":{"line":40,"column":8},"end":{"line":40,"column":63}},"19":{"start":{"line":41,"column":8},"end":{"line":41,"column":15}},"20":{"start":{"line":44,"column":27},"end":{"line":44,"column":37}},"21":{"start":{"line":45,"column":23},"end":{"line":45,"column":43}},"22":{"start":{"line":46,"column":21},"end":{"line":46,"column":39}},"23":{"start":{"line":49,"column":25},"end":{"line":49,"column":51}},"24":{"start":{"line":50,"column":6},"end":{"line":53,"column":7}},"25":{"start":{"line":51,"column":8},"end":{"line":51,"column":60}},"26":{"start":{"line":52,"column":8},"end":{"line":52,"column":15}},"27":{"start":{"line":56,"column":17},"end":{"line":56,"column":47}},"28":{"start":{"line":57,"column":6},"end":{"line":59,"column":7}},"29":{"start":{"line":58,"column":8},"end":{"line":58,"column":56}},"30":{"start":{"line":62,"column":6},"end":{"line":65,"column":7}},"31":{"start":{"line":63,"column":8},"end":{"line":63,"column":71}},"32":{"start":{"line":64,"column":8},"end":{"line":64,"column":15}},"33":{"start":{"line":68,"column":29},"end":{"line":68,"column":69}},"34":{"start":{"line":69,"column":6},"end":{"line":85,"column":7}},"35":{"start":{"line":70,"column":29},"end":{"line":70,"column":63}},"36":{"start":{"line":71,"column":8},"end":{"line":84,"column":9}},"37":{"start":{"line":73,"column":10},"end":{"line":73,"column":49}},"38":{"start":{"line":74,"column":10},"end":{"line":74,"column":71}},"39":{"start":{"line":77,"column":10},"end":{"line":77,"column":68}},"40":{"start":{"line":80,"column":10},"end":{"line":83,"column":13}},"41":{"start":{"line":88,"column":6},"end":{"line":88,"column":37}},"42":{"start":{"line":89,"column":6},"end":{"line":89,"column":55}},"43":{"start":{"line":92,"column":6},"end":{"line":92,"column":42}},"44":{"start":{"line":93,"column":6},"end":{"line":93,"column":46}},"45":{"start":{"line":96,"column":27},"end":{"line":96,"column":94}},"46":{"start":{"line":99,"column":20},"end":{"line":99,"column":59}},"47":{"start":{"line":102,"column":6},"end":{"line":112,"column":9}},"48":{"start":{"line":106,"column":39},"end":{"line":111,"column":9}},"49":{"start":{"line":115,"column":6},"end":{"line":118,"column":9}},"50":{"start":{"line":120,"column":6},"end":{"line":120,"column":80}},"51":{"start":{"line":127,"column":2},"end":{"line":168,"column":5}},"52":{"start":{"line":128,"column":4},"end":{"line":167,"column":5}},"53":{"start":{"line":130,"column":6},"end":{"line":133,"column":7}},"54":{"start":{"line":131,"column":8},"end":{"line":131,"column":63}},"55":{"start":{"line":132,"column":8},"end":{"line":132,"column":15}},"56":{"start":{"line":135,"column":23},"end":{"line":135,"column":43}},"57":{"start":{"line":136,"column":28},"end":{"line":136,"column":53}},"58":{"start":{"line":138,"column":6},"end":{"line":141,"column":7}},"59":{"start":{"line":139,"column":8},"end":{"line":139,"column":61}},"60":{"start":{"line":140,"column":8},"end":{"line":140,"column":15}},"61":{"start":{"line":143,"column":19},"end":{"line":143,"column":52}},"62":{"start":{"line":144,"column":6},"end":{"line":147,"column":7}},"63":{"start":{"line":145,"column":8},"end":{"line":145,"column":60}},"64":{"start":{"line":146,"column":8},"end":{"line":146,"column":15}},"65":{"start":{"line":150,"column":6},"end":{"line":150,"column":44}},"66":{"start":{"line":151,"column":6},"end":{"line":151,"column":66}},"67":{"start":{"line":154,"column":6},"end":{"line":154,"column":39}},"68":{"start":{"line":155,"column":6},"end":{"line":155,"column":41}},"69":{"start":{"line":158,"column":6},"end":{"line":158,"column":56}},"70":{"start":{"line":161,"column":6},"end":{"line":164,"column":9}},"71":{"start":{"line":166,"column":6},"end":{"line":166,"column":81}},"72":{"start":{"line":173,"column":2},"end":{"line":211,"column":5}},"73":{"start":{"line":174,"column":4},"end":{"line":210,"column":5}},"74":{"start":{"line":176,"column":6},"end":{"line":179,"column":7}},"75":{"start":{"line":177,"column":8},"end":{"line":177,"column":63}},"76":{"start":{"line":178,"column":8},"end":{"line":178,"column":15}},"77":{"start":{"line":181,"column":27},"end":{"line":181,"column":37}},"78":{"start":{"line":182,"column":21},"end":{"line":182,"column":39}},"79":{"start":{"line":183,"column":23},"end":{"line":183,"column":43}},"80":{"start":{"line":186,"column":25},"end":{"line":186,"column":51}},"81":{"start":{"line":187,"column":6},"end":{"line":190,"column":7}},"82":{"start":{"line":188,"column":8},"end":{"line":188,"column":60}},"83":{"start":{"line":189,"column":8},"end":{"line":189,"column":15}},"84":{"start":{"line":193,"column":23},"end":{"line":193,"column":53}},"85":{"start":{"line":194,"column":6},"end":{"line":197,"column":7}},"86":{"start":{"line":195,"column":8},"end":{"line":195,"column":65}},"87":{"start":{"line":196,"column":8},"end":{"line":196,"column":15}},"88":{"start":{"line":200,"column":19},"end":{"line":200,"column":59}},"89":{"start":{"line":203,"column":6},"end":{"line":207,"column":9}},"90":{"start":{"line":209,"column":6},"end":{"line":209,"column":82}},"91":{"start":{"line":216,"column":2},"end":{"line":277,"column":5}},"92":{"start":{"line":217,"column":4},"end":{"line":276,"column":5}},"93":{"start":{"line":219,"column":6},"end":{"line":222,"column":7}},"94":{"start":{"line":220,"column":8},"end":{"line":220,"column":63}},"95":{"start":{"line":221,"column":8},"end":{"line":221,"column":15}},"96":{"start":{"line":224,"column":25},"end":{"line":224,"column":35}},"97":{"start":{"line":225,"column":21},"end":{"line":225,"column":39}},"98":{"start":{"line":227,"column":6},"end":{"line":230,"column":7}},"99":{"start":{"line":228,"column":8},"end":{"line":228,"column":62}},"100":{"start":{"line":229,"column":8},"end":{"line":229,"column":15}},"101":{"start":{"line":232,"column":19},"end":{"line":232,"column":45}},"102":{"start":{"line":233,"column":6},"end":{"line":236,"column":7}},"103":{"start":{"line":234,"column":8},"end":{"line":234,"column":60}},"104":{"start":{"line":235,"column":8},"end":{"line":235,"column":15}},"105":{"start":{"line":239,"column":6},"end":{"line":242,"column":7}},"106":{"start":{"line":240,"column":8},"end":{"line":240,"column":92}},"107":{"start":{"line":241,"column":8},"end":{"line":241,"column":15}},"108":{"start":{"line":245,"column":6},"end":{"line":245,"column":45}},"109":{"start":{"line":248,"column":20},"end":{"line":248,"column":58}},"110":{"start":{"line":249,"column":6},"end":{"line":251,"column":7}},"111":{"start":{"line":250,"column":8},"end":{"line":250,"column":57}},"112":{"start":{"line":254,"column":6},"end":{"line":257,"column":9}},"113":{"start":{"line":260,"column":6},"end":{"line":263,"column":9}},"114":{"start":{"line":266,"column":28},"end":{"line":266,"column":76}},"115":{"start":{"line":267,"column":6},"end":{"line":273,"column":7}},"116":{"start":{"line":268,"column":8},"end":{"line":268,"column":34}},"117":{"start":{"line":269,"column":8},"end":{"line":272,"column":9}},"118":{"start":{"line":270,"column":10},"end":{"line":270,"column":38}},"119":{"start":{"line":271,"column":10},"end":{"line":271,"column":40}},"120":{"start":{"line":275,"column":6},"end":{"line":275,"column":82}},"121":{"start":{"line":282,"column":2},"end":{"line":300,"column":5}},"122":{"start":{"line":283,"column":4},"end":{"line":299,"column":5}},"123":{"start":{"line":284,"column":23},"end":{"line":284,"column":43}},"124":{"start":{"line":285,"column":28},"end":{"line":285,"column":53}},"125":{"start":{"line":287,"column":6},"end":{"line":298,"column":7}},"126":{"start":{"line":288,"column":21},"end":{"line":288,"column":54}},"127":{"start":{"line":289,"column":8},"end":{"line":297,"column":9}},"128":{"start":{"line":290,"column":10},"end":{"line":290,"column":70}},"129":{"start":{"line":293,"column":10},"end":{"line":296,"column":13}},"130":{"start":{"line":303,"column":0},"end":{"line":303,"column":29}}},"fnMap":{"0":{"name":"roomHandler","decl":{"start":{"line":23,"column":9},"end":{"line":23,"column":20}},"loc":{"start":{"line":23,"column":29},"end":{"line":301,"column":1}},"line":23},"1":{"name":"(anonymous_1)","decl":{"start":{"line":36,"column":25},"end":{"line":36,"column":26}},"loc":{"start":{"line":36,"column":41},"end":{"line":122,"column":3}},"line":36},"2":{"name":"(anonymous_2)","decl":{"start":{"line":106,"column":31},"end":{"line":106,"column":32}},"loc":{"start":{"line":106,"column":39},"end":{"line":111,"column":9}},"line":106},"3":{"name":"(anonymous_3)","decl":{"start":{"line":127,"column":26},"end":{"line":127,"column":27}},"loc":{"start":{"line":127,"column":38},"end":{"line":168,"column":3}},"line":127},"4":{"name":"(anonymous_4)","decl":{"start":{"line":173,"column":27},"end":{"line":173,"column":28}},"loc":{"start":{"line":173,"column":43},"end":{"line":211,"column":3}},"line":173},"5":{"name":"(anonymous_5)","decl":{"start":{"line":216,"column":27},"end":{"line":216,"column":28}},"loc":{"start":{"line":216,"column":43},"end":{"line":277,"column":3}},"line":216},"6":{"name":"(anonymous_6)","decl":{"start":{"line":282,"column":26},"end":{"line":282,"column":27}},"loc":{"start":{"line":282,"column":32},"end":{"line":300,"column":3}},"line":282}},"branchMap":{"0":{"loc":{"start":{"line":24,"column":17},"end":{"line":24,"column":50}},"type":"binary-expr","locations":[{"start":{"line":24,"column":17},"end":{"line":24,"column":36}},{"start":{"line":24,"column":40},"end":{"line":24,"column":50}}],"line":24},"1":{"loc":{"start":{"line":39,"column":6},"end":{"line":42,"column":7}},"type":"if","locations":[{"start":{"line":39,"column":6},"end":{"line":42,"column":7}},{"start":{},"end":{}}],"line":39},"2":{"loc":{"start":{"line":44,"column":27},"end":{"line":44,"column":37}},"type":"binary-expr","locations":[{"start":{"line":44,"column":27},"end":{"line":44,"column":31}},{"start":{"line":44,"column":35},"end":{"line":44,"column":37}}],"line":44},"3":{"loc":{"start":{"line":50,"column":6},"end":{"line":53,"column":7}},"type":"if","locations":[{"start":{"line":50,"column":6},"end":{"line":53,"column":7}},{"start":{},"end":{}}],"line":50},"4":{"loc":{"start":{"line":57,"column":6},"end":{"line":59,"column":7}},"type":"if","locations":[{"start":{"line":57,"column":6},"end":{"line":59,"column":7}},{"start":{},"end":{}}],"line":57},"5":{"loc":{"start":{"line":62,"column":6},"end":{"line":65,"column":7}},"type":"if","locations":[{"start":{"line":62,"column":6},"end":{"line":65,"column":7}},{"start":{},"end":{}}],"line":62},"6":{"loc":{"start":{"line":69,"column":6},"end":{"line":85,"column":7}},"type":"if","locations":[{"start":{"line":69,"column":6},"end":{"line":85,"column":7}},{"start":{},"end":{}}],"line":69},"7":{"loc":{"start":{"line":69,"column":10},"end":{"line":69,"column":63}},"type":"binary-expr","locations":[{"start":{"line":69,"column":10},"end":{"line":69,"column":33}},{"start":{"line":69,"column":37},"end":{"line":69,"column":63}}],"line":69},"8":{"loc":{"start":{"line":71,"column":8},"end":{"line":84,"column":9}},"type":"if","locations":[{"start":{"line":71,"column":8},"end":{"line":84,"column":9}},{"start":{},"end":{}}],"line":71},"9":{"loc":{"start":{"line":109,"column":20},"end":{"line":109,"column":45}},"type":"binary-expr","locations":[{"start":{"line":109,"column":20},"end":{"line":109,"column":32}},{"start":{"line":109,"column":36},"end":{"line":109,"column":45}}],"line":109},"10":{"loc":{"start":{"line":120,"column":38},"end":{"line":120,"column":76}},"type":"binary-expr","locations":[{"start":{"line":120,"column":38},"end":{"line":120,"column":51}},{"start":{"line":120,"column":55},"end":{"line":120,"column":76}}],"line":120},"11":{"loc":{"start":{"line":130,"column":6},"end":{"line":133,"column":7}},"type":"if","locations":[{"start":{"line":130,"column":6},"end":{"line":133,"column":7}},{"start":{},"end":{}}],"line":130},"12":{"loc":{"start":{"line":138,"column":6},"end":{"line":141,"column":7}},"type":"if","locations":[{"start":{"line":138,"column":6},"end":{"line":141,"column":7}},{"start":{},"end":{}}],"line":138},"13":{"loc":{"start":{"line":144,"column":6},"end":{"line":147,"column":7}},"type":"if","locations":[{"start":{"line":144,"column":6},"end":{"line":147,"column":7}},{"start":{},"end":{}}],"line":144},"14":{"loc":{"start":{"line":166,"column":38},"end":{"line":166,"column":77}},"type":"binary-expr","locations":[{"start":{"line":166,"column":38},"end":{"line":166,"column":51}},{"start":{"line":166,"column":55},"end":{"line":166,"column":77}}],"line":166},"15":{"loc":{"start":{"line":176,"column":6},"end":{"line":179,"column":7}},"type":"if","locations":[{"start":{"line":176,"column":6},"end":{"line":179,"column":7}},{"start":{},"end":{}}],"line":176},"16":{"loc":{"start":{"line":181,"column":27},"end":{"line":181,"column":37}},"type":"binary-expr","locations":[{"start":{"line":181,"column":27},"end":{"line":181,"column":31}},{"start":{"line":181,"column":35},"end":{"line":181,"column":37}}],"line":181},"17":{"loc":{"start":{"line":187,"column":6},"end":{"line":190,"column":7}},"type":"if","locations":[{"start":{"line":187,"column":6},"end":{"line":190,"column":7}},{"start":{},"end":{}}],"line":187},"18":{"loc":{"start":{"line":194,"column":6},"end":{"line":197,"column":7}},"type":"if","locations":[{"start":{"line":194,"column":6},"end":{"line":197,"column":7}},{"start":{},"end":{}}],"line":194},"19":{"loc":{"start":{"line":194,"column":10},"end":{"line":194,"column":50}},"type":"binary-expr","locations":[{"start":{"line":194,"column":10},"end":{"line":194,"column":18}},{"start":{"line":194,"column":22},"end":{"line":194,"column":50}}],"line":194},"20":{"loc":{"start":{"line":209,"column":38},"end":{"line":209,"column":78}},"type":"binary-expr","locations":[{"start":{"line":209,"column":38},"end":{"line":209,"column":51}},{"start":{"line":209,"column":55},"end":{"line":209,"column":78}}],"line":209},"21":{"loc":{"start":{"line":219,"column":6},"end":{"line":222,"column":7}},"type":"if","locations":[{"start":{"line":219,"column":6},"end":{"line":222,"column":7}},{"start":{},"end":{}}],"line":219},"22":{"loc":{"start":{"line":224,"column":25},"end":{"line":224,"column":35}},"type":"binary-expr","locations":[{"start":{"line":224,"column":25},"end":{"line":224,"column":29}},{"start":{"line":224,"column":33},"end":{"line":224,"column":35}}],"line":224},"23":{"loc":{"start":{"line":227,"column":6},"end":{"line":230,"column":7}},"type":"if","locations":[{"start":{"line":227,"column":6},"end":{"line":230,"column":7}},{"start":{},"end":{}}],"line":227},"24":{"loc":{"start":{"line":233,"column":6},"end":{"line":236,"column":7}},"type":"if","locations":[{"start":{"line":233,"column":6},"end":{"line":236,"column":7}},{"start":{},"end":{}}],"line":233},"25":{"loc":{"start":{"line":239,"column":6},"end":{"line":242,"column":7}},"type":"if","locations":[{"start":{"line":239,"column":6},"end":{"line":242,"column":7}},{"start":{},"end":{}}],"line":239},"26":{"loc":{"start":{"line":269,"column":8},"end":{"line":272,"column":9}},"type":"if","locations":[{"start":{"line":269,"column":8},"end":{"line":272,"column":9}},{"start":{},"end":{}}],"line":269},"27":{"loc":{"start":{"line":275,"column":38},"end":{"line":275,"column":78}},"type":"binary-expr","locations":[{"start":{"line":275,"column":38},"end":{"line":275,"column":51}},{"start":{"line":275,"column":55},"end":{"line":275,"column":78}}],"line":275},"28":{"loc":{"start":{"line":283,"column":4},"end":{"line":299,"column":5}},"type":"if","locations":[{"start":{"line":283,"column":4},"end":{"line":299,"column":5}},{"start":{},"end":{}}],"line":283},"29":{"loc":{"start":{"line":283,"column":8},"end":{"line":283,"column":57}},"type":"binary-expr","locations":[{"start":{"line":283,"column":8},"end":{"line":283,"column":33}},{"start":{"line":283,"column":37},"end":{"line":283,"column":57}}],"line":283},"30":{"loc":{"start":{"line":287,"column":6},"end":{"line":298,"column":7}},"type":"if","locations":[{"start":{"line":287,"column":6},"end":{"line":298,"column":7}},{"start":{},"end":{}}],"line":287},"31":{"loc":{"start":{"line":289,"column":8},"end":{"line":297,"column":9}},"type":"if","locations":[{"start":{"line":289,"column":8},"end":{"line":297,"column":9}},{"start":{},"end":{}}],"line":289}},"s":{"0":1,"1":1,"2":1,"3":1,"4":1,"5":1,"6":1,"7":1,"8":1,"9":1,"10":1,"11":1,"12":1,"13":1,"14":1,"15":1,"16":1,"17":1,"18":0,"19":0,"20":1,"21":1,"22":1,"23":1,"24":1,"25":0,"26":0,"27":1,"28":1,"29":1,"30":1,"31":0,"32":0,"33":1,"34":1,"35":0,"36":0,"37":0,"38":0,"39":0,"40":0,"41":1,"42":1,"43":1,"44":1,"45":1,"46":1,"47":1,"48":0,"49":1,"50":0,"51":1,"52":0,"53":0,"54":0,"55":0,"56":0,"57":0,"58":0,"59":0,"60":0,"61":0,"62":0,"63":0,"64":0,"65":0,"66":0,"67":0,"68":0,"69":0,"70":0,"71":0,"72":1,"73":0,"74":0,"75":0,"76":0,"77":0,"78":0,"79":0,"80":0,"81":0,"82":0,"83":0,"84":0,"85":0,"86":0,"87":0,"88":0,"89":0,"90":0,"91":1,"92":0,"93":0,"94":0,"95":0,"96":0,"97":0,"98":0,"99":0,"100":0,"101":0,"102":0,"103":0,"104":0,"105":0,"106":0,"107":0,"108":0,"109":0,"110":0,"111":0,"112":0,"113":0,"114":0,"115":0,"116":0,"117":0,"118":0,"119":0,"120":0,"121":1,"122":1,"123":1,"124":1,"125":1,"126":1,"127":0,"128":0,"129":0,"130":1},"f":{"0":1,"1":1,"2":0,"3":0,"4":0,"5":0,"6":1},"b":{"0":[1,1],"1":[0,1],"2":[1,0],"3":[0,1],"4":[1,0],"5":[0,1],"6":[0,1],"7":[1,0],"8":[0,0],"9":[0,0],"10":[0,0],"11":[0,0],"12":[0,0],"13":[0,0],"14":[0,0],"15":[0,0],"16":[0,0],"17":[0,0],"18":[0,0],"19":[0,0],"20":[0,0],"21":[0,0],"22":[0,0],"23":[0,0],"24":[0,0],"25":[0,0],"26":[0,0],"27":[0,0],"28":[1,0],"29":[1,1],"30":[1,0],"31":[0,0]},"_coverageSchema":"1a1c01bbd47fc00a2c39e90264f33305004495a9","hash":"6f2868ed3b92b026dadbb9f60650ccc8d9b5f234"}
,"/Users/long/_dev/spec-project/realtime-chat/backend/src/models/Message.js": {"path":"/Users/long/_dev/spec-project/realtime-chat/backend/src/models/Message.js","statementMap":{"0":{"start":{"line":17,"column":4},"end":{"line":17,"column":17}},"1":{"start":{"line":27,"column":51},"end":{"line":27,"column":55}},"2":{"start":{"line":29,"column":17},"end":{"line":32,"column":6}},"3":{"start":{"line":34,"column":16},"end":{"line":34,"column":26}},"4":{"start":{"line":35,"column":19},"end":{"line":35,"column":68}},"5":{"start":{"line":37,"column":4},"end":{"line":46,"column":6}},"6":{"start":{"line":56,"column":39},"end":{"line":56,"column":46}},"7":{"start":{"line":59,"column":22},"end":{"line":59,"column":97}},"8":{"start":{"line":60,"column":29},"end":{"line":60,"column":50}},"9":{"start":{"line":63,"column":17},"end":{"line":68,"column":6}},"10":{"start":{"line":70,"column":21},"end":{"line":70,"column":52}},"11":{"start":{"line":71,"column":20},"end":{"line":71,"column":52}},"12":{"start":{"line":73,"column":4},"end":{"line":77,"column":6}},"13":{"start":{"line":87,"column":17},"end":{"line":87,"column":88}},"14":{"start":{"line":88,"column":19},"end":{"line":88,"column":39}},"15":{"start":{"line":89,"column":4},"end":{"line":89,"column":30}},"16":{"start":{"line":99,"column":17},"end":{"line":99,"column":98}},"17":{"start":{"line":100,"column":19},"end":{"line":100,"column":31}},"18":{"start":{"line":101,"column":4},"end":{"line":101,"column":30}},"19":{"start":{"line":110,"column":17},"end":{"line":110,"column":71}},"20":{"start":{"line":111,"column":4},"end":{"line":111,"column":32}},"21":{"start":{"line":115,"column":0},"end":{"line":115,"column":25}}},"fnMap":{"0":{"name":"(anonymous_0)","decl":{"start":{"line":16,"column":2},"end":{"line":16,"column":3}},"loc":{"start":{"line":16,"column":18},"end":{"line":18,"column":3}},"line":16},"1":{"name":"(anonymous_1)","decl":{"start":{"line":26,"column":2},"end":{"line":26,"column":3}},"loc":{"start":{"line":26,"column":15},"end":{"line":47,"column":3}},"line":26},"2":{"name":"(anonymous_2)","decl":{"start":{"line":55,"column":2},"end":{"line":55,"column":3}},"loc":{"start":{"line":55,"column":44},"end":{"line":78,"column":3}},"line":55},"3":{"name":"(anonymous_3)","decl":{"start":{"line":86,"column":2},"end":{"line":86,"column":3}},"loc":{"start":{"line":86,"column":35},"end":{"line":90,"column":3}},"line":86},"4":{"name":"(anonymous_4)","decl":{"start":{"line":98,"column":2},"end":{"line":98,"column":3}},"loc":{"start":{"line":98,"column":26},"end":{"line":102,"column":3}},"line":98},"5":{"name":"(anonymous_5)","decl":{"start":{"line":109,"column":2},"end":{"line":109,"column":3}},"loc":{"start":{"line":109,"column":15},"end":{"line":112,"column":3}},"line":109}},"branchMap":{"0":{"loc":{"start":{"line":55,"column":30},"end":{"line":55,"column":42}},"type":"default-arg","locations":[{"start":{"line":55,"column":40},"end":{"line":55,"column":42}}],"line":55},"1":{"loc":{"start":{"line":56,"column":12},"end":{"line":56,"column":22}},"type":"default-arg","locations":[{"start":{"line":56,"column":20},"end":{"line":56,"column":22}}],"line":56},"2":{"loc":{"start":{"line":56,"column":24},"end":{"line":56,"column":34}},"type":"default-arg","locations":[{"start":{"line":56,"column":33},"end":{"line":56,"column":34}}],"line":56},"3":{"loc":{"start":{"line":111,"column":11},"end":{"line":111,"column":31}},"type":"binary-expr","locations":[{"start":{"line":111,"column":11},"end":{"line":111,"column":23}},{"start":{"line":111,"column":27},"end":{"line":111,"column":31}}],"line":111}},"s":{"0":1,"1":0,"2":0,"3":0,"4":0,"5":0,"6":1,"7":1,"8":1,"9":1,"10":1,"11":1,"12":1,"13":0,"14":0,"15":0,"16":0,"17":0,"18":0,"19":0,"20":0,"21":1},"f":{"0":1,"1":0,"2":1,"3":0,"4":0,"5":0},"b":{"0":[0],"1":[0],"2":[0],"3":[0,0]},"_coverageSchema":"1a1c01bbd47fc00a2c39e90264f33305004495a9","hash":"7c7d41f170a43adc2ec1a1ca457b50521354ca97"}
,"/Users/long/_dev/spec-project/realtime-chat/backend/src/models/Room.js": {"path":"/Users/long/_dev/spec-project/realtime-chat/backend/src/models/Room.js","statementMap":{"0":{"start":{"line":8,"column":29},"end":{"line":8,"column":77}},"1":{"start":{"line":19,"column":4},"end":{"line":19,"column":17}},"2":{"start":{"line":30,"column":23},"end":{"line":30,"column":45}},"3":{"start":{"line":31,"column":4},"end":{"line":33,"column":5}},"4":{"start":{"line":32,"column":6},"end":{"line":32,"column":40}},"5":{"start":{"line":35,"column":17},"end":{"line":38,"column":6}},"6":{"start":{"line":40,"column":16},"end":{"line":40,"column":26}},"7":{"start":{"line":41,"column":19},"end":{"line":41,"column":55}},"8":{"start":{"line":43,"column":4},"end":{"line":49,"column":6}},"9":{"start":{"line":58,"column":17},"end":{"line":58,"column":68}},"10":{"start":{"line":59,"column":4},"end":{"line":59,"column":32}},"11":{"start":{"line":68,"column":17},"end":{"line":68,"column":70}},"12":{"start":{"line":69,"column":4},"end":{"line":69,"column":34}},"13":{"start":{"line":77,"column":17},"end":{"line":77,"column":105}},"14":{"start":{"line":78,"column":4},"end":{"line":78,"column":22}},"15":{"start":{"line":87,"column":17},"end":{"line":87,"column":80}},"16":{"start":{"line":88,"column":16},"end":{"line":88,"column":26}},"17":{"start":{"line":89,"column":19},"end":{"line":89,"column":36}},"18":{"start":{"line":90,"column":4},"end":{"line":90,"column":30}},"19":{"start":{"line":99,"column":17},"end":{"line":99,"column":83}},"20":{"start":{"line":100,"column":19},"end":{"line":100,"column":31}},"21":{"start":{"line":101,"column":4},"end":{"line":101,"column":30}},"22":{"start":{"line":110,"column":17},"end":{"line":110,"column":66}},"23":{"start":{"line":111,"column":19},"end":{"line":111,"column":31}},"24":{"start":{"line":112,"column":4},"end":{"line":112,"column":30}},"25":{"start":{"line":116,"column":0},"end":{"line":116,"column":22}}},"fnMap":{"0":{"name":"(anonymous_0)","decl":{"start":{"line":18,"column":2},"end":{"line":18,"column":3}},"loc":{"start":{"line":18,"column":18},"end":{"line":20,"column":3}},"line":18},"1":{"name":"(anonymous_1)","decl":{"start":{"line":29,"column":2},"end":{"line":29,"column":3}},"loc":{"start":{"line":29,"column":32},"end":{"line":50,"column":3}},"line":29},"2":{"name":"(anonymous_2)","decl":{"start":{"line":57,"column":2},"end":{"line":57,"column":3}},"loc":{"start":{"line":57,"column":15},"end":{"line":60,"column":3}},"line":57},"3":{"name":"(anonymous_3)","decl":{"start":{"line":67,"column":2},"end":{"line":67,"column":3}},"loc":{"start":{"line":67,"column":19},"end":{"line":70,"column":3}},"line":67},"4":{"name":"(anonymous_4)","decl":{"start":{"line":76,"column":2},"end":{"line":76,"column":3}},"loc":{"start":{"line":76,"column":18},"end":{"line":79,"column":3}},"line":76},"5":{"name":"(anonymous_5)","decl":{"start":{"line":86,"column":2},"end":{"line":86,"column":3}},"loc":{"start":{"line":86,"column":17},"end":{"line":91,"column":3}},"line":86},"6":{"name":"(anonymous_6)","decl":{"start":{"line":98,"column":2},"end":{"line":98,"column":3}},"loc":{"start":{"line":98,"column":14},"end":{"line":102,"column":3}},"line":98},"7":{"name":"(anonymous_7)","decl":{"start":{"line":109,"column":2},"end":{"line":109,"column":3}},"loc":{"start":{"line":109,"column":13},"end":{"line":113,"column":3}},"line":109}},"branchMap":{"0":{"loc":{"start":{"line":31,"column":4},"end":{"line":33,"column":5}},"type":"if","locations":[{"start":{"line":31,"column":4},"end":{"line":33,"column":5}},{"start":{},"end":{}}],"line":31},"1":{"loc":{"start":{"line":59,"column":11},"end":{"line":59,"column":31}},"type":"binary-expr","locations":[{"start":{"line":59,"column":11},"end":{"line":59,"column":23}},{"start":{"line":59,"column":27},"end":{"line":59,"column":31}}],"line":59},"2":{"loc":{"start":{"line":69,"column":11},"end":{"line":69,"column":33}},"type":"binary-expr","locations":[{"start":{"line":69,"column":11},"end":{"line":69,"column":25}},{"start":{"line":69,"column":29},"end":{"line":69,"column":33}}],"line":69}},"s":{"0":1,"1":1,"2":1,"3":1,"4":0,"5":1,"6":1,"7":1,"8":1,"9":1,"10":0,"11":2,"12":2,"13":0,"14":0,"15":0,"16":0,"17":0,"18":0,"19":0,"20":0,"21":0,"22":0,"23":0,"24":0,"25":1},"f":{"0":1,"1":1,"2":1,"3":2,"4":0,"5":0,"6":0,"7":0},"b":{"0":[0,1],"1":[0,0],"2":[2,2]},"_coverageSchema":"1a1c01bbd47fc00a2c39e90264f33305004495a9","hash":"49ecc4ec99597f53d70b4bd05d1ab5e56a11a447"}
,"/Users/long/_dev/spec-project/realtime-chat/backend/src/models/User.js": {"path":"/Users/long/_dev/spec-project/realtime-chat/backend/src/models/User.js","statementMap":{"0":{"start":{"line":8,"column":29},"end":{"line":8,"column":77}},"1":{"start":{"line":19,"column":4},"end":{"line":19,"column":17}},"2":{"start":{"line":29,"column":23},"end":{"line":29,"column":49}},"3":{"start":{"line":30,"column":4},"end":{"line":32,"column":5}},"4":{"start":{"line":31,"column":6},"end":{"line":31,"column":40}},"5":{"start":{"line":34,"column":17},"end":{"line":37,"column":6}},"6":{"start":{"line":39,"column":16},"end":{"line":39,"column":26}},"7":{"start":{"line":40,"column":19},"end":{"line":40,"column":42}},"8":{"start":{"line":42,"column":4},"end":{"line":47,"column":6}},"9":{"start":{"line":56,"column":17},"end":{"line":56,"column":74}},"10":{"start":{"line":57,"column":4},"end":{"line":57,"column":38}},"11":{"start":{"line":66,"column":17},"end":{"line":66,"column":68}},"12":{"start":{"line":67,"column":4},"end":{"line":67,"column":32}},"13":{"start":{"line":77,"column":17},"end":{"line":77,"column":82}},"14":{"start":{"line":78,"column":19},"end":{"line":78,"column":42}},"15":{"start":{"line":79,"column":4},"end":{"line":79,"column":30}},"16":{"start":{"line":87,"column":17},"end":{"line":87,"column":80}},"17":{"start":{"line":88,"column":4},"end":{"line":88,"column":22}},"18":{"start":{"line":97,"column":17},"end":{"line":97,"column":66}},"19":{"start":{"line":98,"column":19},"end":{"line":98,"column":31}},"20":{"start":{"line":99,"column":4},"end":{"line":99,"column":30}},"21":{"start":{"line":103,"column":0},"end":{"line":103,"column":22}}},"fnMap":{"0":{"name":"(anonymous_0)","decl":{"start":{"line":18,"column":2},"end":{"line":18,"column":3}},"loc":{"start":{"line":18,"column":18},"end":{"line":20,"column":3}},"line":18},"1":{"name":"(anonymous_1)","decl":{"start":{"line":28,"column":2},"end":{"line":28,"column":3}},"loc":{"start":{"line":28,"column":19},"end":{"line":48,"column":3}},"line":28},"2":{"name":"(anonymous_2)","decl":{"start":{"line":55,"column":2},"end":{"line":55,"column":3}},"loc":{"start":{"line":55,"column":27},"end":{"line":58,"column":3}},"line":55},"3":{"name":"(anonymous_3)","decl":{"start":{"line":65,"column":2},"end":{"line":65,"column":3}},"loc":{"start":{"line":65,"column":15},"end":{"line":68,"column":3}},"line":65},"4":{"name":"(anonymous_4)","decl":{"start":{"line":76,"column":2},"end":{"line":76,"column":3}},"loc":{"start":{"line":76,"column":32},"end":{"line":80,"column":3}},"line":76},"5":{"name":"(anonymous_5)","decl":{"start":{"line":86,"column":2},"end":{"line":86,"column":3}},"loc":{"start":{"line":86,"column":9},"end":{"line":89,"column":3}},"line":86},"6":{"name":"(anonymous_6)","decl":{"start":{"line":96,"column":2},"end":{"line":96,"column":3}},"loc":{"start":{"line":96,"column":13},"end":{"line":100,"column":3}},"line":96}},"branchMap":{"0":{"loc":{"start":{"line":30,"column":4},"end":{"line":32,"column":5}},"type":"if","locations":[{"start":{"line":30,"column":4},"end":{"line":32,"column":5}},{"start":{},"end":{}}],"line":30},"1":{"loc":{"start":{"line":57,"column":11},"end":{"line":57,"column":37}},"type":"binary-expr","locations":[{"start":{"line":57,"column":11},"end":{"line":57,"column":29}},{"start":{"line":57,"column":33},"end":{"line":57,"column":37}}],"line":57},"2":{"loc":{"start":{"line":67,"column":11},"end":{"line":67,"column":31}},"type":"binary-expr","locations":[{"start":{"line":67,"column":11},"end":{"line":67,"column":23}},{"start":{"line":67,"column":27},"end":{"line":67,"column":31}}],"line":67}},"s":{"0":1,"1":1,"2":1,"3":1,"4":0,"5":1,"6":1,"7":1,"8":1,"9":1,"10":1,"11":0,"12":0,"13":1,"14":1,"15":1,"16":0,"17":0,"18":0,"19":0,"20":0,"21":1},"f":{"0":1,"1":1,"2":1,"3":0,"4":1,"5":0,"6":0},"b":{"0":[0,1],"1":[1,1],"2":[0,0]},"_coverageSchema":"1a1c01bbd47fc00a2c39e90264f33305004495a9","hash":"2a6df0f028a3a37c3efe2b2078512c436519cbbb"}
,"/Users/long/_dev/spec-project/realtime-chat/backend/src/services/MessageService.js": {"path":"/Users/long/_dev/spec-project/realtime-chat/backend/src/services/MessageService.js","statementMap":{"0":{"start":{"line":8,"column":45},"end":{"line":8,"column":96}},"1":{"start":{"line":19,"column":4},"end":{"line":19,"column":37}},"2":{"start":{"line":29,"column":51},"end":{"line":29,"column":55}},"3":{"start":{"line":32,"column":23},"end":{"line":32,"column":47}},"4":{"start":{"line":33,"column":4},"end":{"line":35,"column":5}},"5":{"start":{"line":34,"column":6},"end":{"line":34,"column":40}},"6":{"start":{"line":38,"column":20},"end":{"line":43,"column":6}},"7":{"start":{"line":46,"column":4},"end":{"line":46,"column":63}},"8":{"start":{"line":49,"column":4},"end":{"line":52,"column":6}},"9":{"start":{"line":62,"column":39},"end":{"line":62,"column":46}},"10":{"start":{"line":63,"column":4},"end":{"line":63,"column":76}},"11":{"start":{"line":72,"column":4},"end":{"line":72,"column":69}},"12":{"start":{"line":81,"column":4},"end":{"line":81,"column":71}},"13":{"start":{"line":91,"column":4},"end":{"line":91,"column":60}},"14":{"start":{"line":100,"column":20},"end":{"line":100,"column":57}},"15":{"start":{"line":101,"column":4},"end":{"line":103,"column":5}},"16":{"start":{"line":102,"column":6},"end":{"line":102,"column":19}},"17":{"start":{"line":104,"column":4},"end":{"line":104,"column":35}},"18":{"start":{"line":108,"column":0},"end":{"line":108,"column":32}}},"fnMap":{"0":{"name":"(anonymous_0)","decl":{"start":{"line":18,"column":2},"end":{"line":18,"column":3}},"loc":{"start":{"line":18,"column":28},"end":{"line":20,"column":3}},"line":18},"1":{"name":"(anonymous_1)","decl":{"start":{"line":28,"column":2},"end":{"line":28,"column":3}},"loc":{"start":{"line":28,"column":20},"end":{"line":53,"column":3}},"line":28},"2":{"name":"(anonymous_2)","decl":{"start":{"line":61,"column":2},"end":{"line":61,"column":3}},"loc":{"start":{"line":61,"column":42},"end":{"line":64,"column":3}},"line":61},"3":{"name":"(anonymous_3)","decl":{"start":{"line":71,"column":2},"end":{"line":71,"column":3}},"loc":{"start":{"line":71,"column":24},"end":{"line":73,"column":3}},"line":71},"4":{"name":"(anonymous_4)","decl":{"start":{"line":80,"column":2},"end":{"line":80,"column":3}},"loc":{"start":{"line":80,"column":26},"end":{"line":82,"column":3}},"line":80},"5":{"name":"(anonymous_5)","decl":{"start":{"line":90,"column":2},"end":{"line":90,"column":3}},"loc":{"start":{"line":90,"column":33},"end":{"line":92,"column":3}},"line":90},"6":{"name":"(anonymous_6)","decl":{"start":{"line":99,"column":2},"end":{"line":99,"column":3}},"loc":{"start":{"line":99,"column":22},"end":{"line":105,"column":3}},"line":99}},"branchMap":{"0":{"loc":{"start":{"line":33,"column":4},"end":{"line":35,"column":5}},"type":"if","locations":[{"start":{"line":33,"column":4},"end":{"line":35,"column":5}},{"start":{},"end":{}}],"line":33},"1":{"loc":{"start":{"line":61,"column":28},"end":{"line":61,"column":40}},"type":"default-arg","locations":[{"start":{"line":61,"column":38},"end":{"line":61,"column":40}}],"line":61},"2":{"loc":{"start":{"line":62,"column":12},"end":{"line":62,"column":22}},"type":"default-arg","locations":[{"start":{"line":62,"column":20},"end":{"line":62,"column":22}}],"line":62},"3":{"loc":{"start":{"line":62,"column":24},"end":{"line":62,"column":34}},"type":"default-arg","locations":[{"start":{"line":62,"column":33},"end":{"line":62,"column":34}}],"line":62},"4":{"loc":{"start":{"line":101,"column":4},"end":{"line":103,"column":5}},"type":"if","locations":[{"start":{"line":101,"column":4},"end":{"line":103,"column":5}},{"start":{},"end":{}}],"line":101}},"s":{"0":1,"1":1,"2":0,"3":0,"4":0,"5":0,"6":0,"7":0,"8":0,"9":1,"10":1,"11":0,"12":0,"13":0,"14":0,"15":0,"16":0,"17":0,"18":1},"f":{"0":1,"1":0,"2":1,"3":0,"4":0,"5":0,"6":0},"b":{"0":[0,0],"1":[0],"2":[0],"3":[0],"4":[0,0]},"_coverageSchema":"1a1c01bbd47fc00a2c39e90264f33305004495a9","hash":"a8c525832d7b7eb74889e51d6dcfb5c0143ae929"}
,"/Users/long/_dev/spec-project/realtime-chat/backend/src/services/PresenceService.js": {"path":"/Users/long/_dev/spec-project/realtime-chat/backend/src/services/PresenceService.js","statementMap":{"0":{"start":{"line":17,"column":4},"end":{"line":17,"column":34}},"1":{"start":{"line":20,"column":4},"end":{"line":20,"column":32}},"2":{"start":{"line":30,"column":23},"end":{"line":30,"column":27}},"3":{"start":{"line":33,"column":4},"end":{"line":40,"column":5}},"4":{"start":{"line":34,"column":6},"end":{"line":34,"column":51}},"5":{"start":{"line":37,"column":6},"end":{"line":39,"column":7}},"6":{"start":{"line":38,"column":8},"end":{"line":38,"column":56}},"7":{"start":{"line":43,"column":4},"end":{"line":45,"column":5}},"8":{"start":{"line":44,"column":6},"end":{"line":44,"column":47}},"9":{"start":{"line":46,"column":4},"end":{"line":46,"column":48}},"10":{"start":{"line":49,"column":4},"end":{"line":49,"column":42}},"11":{"start":{"line":51,"column":4},"end":{"line":51,"column":24}},"12":{"start":{"line":61,"column":4},"end":{"line":63,"column":5}},"13":{"start":{"line":62,"column":6},"end":{"line":62,"column":19}},"14":{"start":{"line":65,"column":17},"end":{"line":65,"column":46}},"15":{"start":{"line":66,"column":23},"end":{"line":66,"column":44}},"16":{"start":{"line":69,"column":4},"end":{"line":71,"column":5}},"17":{"start":{"line":70,"column":6},"end":{"line":70,"column":39}},"18":{"start":{"line":74,"column":4},"end":{"line":76,"column":5}},"19":{"start":{"line":75,"column":6},"end":{"line":75,"column":39}},"20":{"start":{"line":78,"column":4},"end":{"line":78,"column":22}},"21":{"start":{"line":87,"column":18},"end":{"line":87,"column":20}},"22":{"start":{"line":89,"column":4},"end":{"line":93,"column":5}},"23":{"start":{"line":90,"column":21},"end":{"line":90,"column":50}},"24":{"start":{"line":91,"column":6},"end":{"line":91,"column":48}},"25":{"start":{"line":92,"column":6},"end":{"line":92,"column":25}},"26":{"start":{"line":95,"column":4},"end":{"line":95,"column":17}},"27":{"start":{"line":104,"column":4},"end":{"line":106,"column":5}},"28":{"start":{"line":105,"column":6},"end":{"line":105,"column":16}},"29":{"start":{"line":107,"column":4},"end":{"line":107,"column":53}},"30":{"start":{"line":116,"column":4},"end":{"line":116,"column":49}},"31":{"start":{"line":126,"column":4},"end":{"line":128,"column":5}},"32":{"start":{"line":127,"column":6},"end":{"line":127,"column":19}},"33":{"start":{"line":129,"column":4},"end":{"line":129,"column":55}},"34":{"start":{"line":137,"column":4},"end":{"line":137,"column":34}},"35":{"start":{"line":145,"column":4},"end":{"line":145,"column":32}},"36":{"start":{"line":153,"column":4},"end":{"line":153,"column":30}},"37":{"start":{"line":154,"column":4},"end":{"line":154,"column":28}},"38":{"start":{"line":158,"column":0},"end":{"line":158,"column":33}}},"fnMap":{"0":{"name":"(anonymous_0)","decl":{"start":{"line":15,"column":2},"end":{"line":15,"column":3}},"loc":{"start":{"line":15,"column":16},"end":{"line":21,"column":3}},"line":15},"1":{"name":"(anonymous_1)","decl":{"start":{"line":29,"column":2},"end":{"line":29,"column":3}},"loc":{"start":{"line":29,"column":34},"end":{"line":52,"column":3}},"line":29},"2":{"name":"(anonymous_2)","decl":{"start":{"line":60,"column":2},"end":{"line":60,"column":3}},"loc":{"start":{"line":60,"column":39},"end":{"line":79,"column":3}},"line":60},"3":{"name":"(anonymous_3)","decl":{"start":{"line":86,"column":2},"end":{"line":86,"column":3}},"loc":{"start":{"line":86,"column":35},"end":{"line":96,"column":3}},"line":86},"4":{"name":"(anonymous_4)","decl":{"start":{"line":103,"column":2},"end":{"line":103,"column":3}},"loc":{"start":{"line":103,"column":25},"end":{"line":108,"column":3}},"line":103},"5":{"name":"(anonymous_5)","decl":{"start":{"line":115,"column":2},"end":{"line":115,"column":3}},"loc":{"start":{"line":115,"column":27},"end":{"line":117,"column":3}},"line":115},"6":{"name":"(anonymous_6)","decl":{"start":{"line":125,"column":2},"end":{"line":125,"column":3}},"loc":{"start":{"line":125,"column":33},"end":{"line":130,"column":3}},"line":125},"7":{"name":"(anonymous_7)","decl":{"start":{"line":136,"column":2},"end":{"line":136,"column":3}},"loc":{"start":{"line":136,"column":17},"end":{"line":138,"column":3}},"line":136},"8":{"name":"(anonymous_8)","decl":{"start":{"line":144,"column":2},"end":{"line":144,"column":3}},"loc":{"start":{"line":144,"column":17},"end":{"line":146,"column":3}},"line":144},"9":{"name":"(anonymous_9)","decl":{"start":{"line":152,"column":2},"end":{"line":152,"column":3}},"loc":{"start":{"line":152,"column":10},"end":{"line":155,"column":3}},"line":152}},"branchMap":{"0":{"loc":{"start":{"line":33,"column":4},"end":{"line":40,"column":5}},"type":"if","locations":[{"start":{"line":33,"column":4},"end":{"line":40,"column":5}},{"start":{},"end":{}}],"line":33},"1":{"loc":{"start":{"line":37,"column":6},"end":{"line":39,"column":7}},"type":"if","locations":[{"start":{"line":37,"column":6},"end":{"line":39,"column":7}},{"start":{},"end":{}}],"line":37},"2":{"loc":{"start":{"line":43,"column":4},"end":{"line":45,"column":5}},"type":"if","locations":[{"start":{"line":43,"column":4},"end":{"line":45,"column":5}},{"start":{},"end":{}}],"line":43},"3":{"loc":{"start":{"line":61,"column":4},"end":{"line":63,"column":5}},"type":"if","locations":[{"start":{"line":61,"column":4},"end":{"line":63,"column":5}},{"start":{},"end":{}}],"line":61},"4":{"loc":{"start":{"line":69,"column":4},"end":{"line":71,"column":5}},"type":"if","locations":[{"start":{"line":69,"column":4},"end":{"line":71,"column":5}},{"start":{},"end":{}}],"line":69},"5":{"loc":{"start":{"line":74,"column":4},"end":{"line":76,"column":5}},"type":"if","locations":[{"start":{"line":74,"column":4},"end":{"line":76,"column":5}},{"start":{},"end":{}}],"line":74},"6":{"loc":{"start":{"line":89,"column":4},"end":{"line":93,"column":5}},"type":"if","locations":[{"start":{"line":89,"column":4},"end":{"line":93,"column":5}},{"start":{},"end":{}}],"line":89},"7":{"loc":{"start":{"line":104,"column":4},"end":{"line":106,"column":5}},"type":"if","locations":[{"start":{"line":104,"column":4},"end":{"line":106,"column":5}},{"start":{},"end":{}}],"line":104},"8":{"loc":{"start":{"line":116,"column":11},"end":{"line":116,"column":48}},"type":"binary-expr","locations":[{"start":{"line":116,"column":11},"end":{"line":116,"column":40}},{"start":{"line":116,"column":44},"end":{"line":116,"column":48}}],"line":116},"9":{"loc":{"start":{"line":126,"column":4},"end":{"line":128,"column":5}},"type":"if","locations":[{"start":{"line":126,"column":4},"end":{"line":128,"column":5}},{"start":{},"end":{}}],"line":126}},"s":{"0":1,"1":1,"2":1,"3":1,"4":0,"5":0,"6":0,"7":1,"8":1,"9":1,"10":1,"11":1,"12":0,"13":0,"14":0,"15":0,"16":0,"17":0,"18":0,"19":0,"20":0,"21":0,"22":0,"23":0,"24":0,"25":0,"26":0,"27":1,"28":0,"29":1,"30":1,"31":0,"32":0,"33":0,"34":0,"35":0,"36":0,"37":0,"38":1},"f":{"0":1,"1":1,"2":0,"3":0,"4":1,"5":1,"6":0,"7":0,"8":0,"9":0},"b":{"0":[0,1],"1":[0,0],"2":[1,0],"3":[0,0],"4":[0,0],"5":[0,0],"6":[0,0],"7":[0,1],"8":[1,1],"9":[0,0]},"_coverageSchema":"1a1c01bbd47fc00a2c39e90264f33305004495a9","hash":"4f458e722540330a1b32a669cbee5707ce5bd7fa"}
,"/Users/long/_dev/spec-project/realtime-chat/backend/src/services/RoomService.js": {"path":"/Users/long/_dev/spec-project/realtime-chat/backend/src/services/RoomService.js","statementMap":{"0":{"start":{"line":17,"column":4},"end":{"line":17,"column":31}},"1":{"start":{"line":29,"column":21},"end":{"line":29,"column":52}},"2":{"start":{"line":30,"column":4},"end":{"line":32,"column":5}},"3":{"start":{"line":31,"column":6},"end":{"line":31,"column":65}},"4":{"start":{"line":34,"column":4},"end":{"line":34,"column":56}},"5":{"start":{"line":42,"column":4},"end":{"line":42,"column":42}},"6":{"start":{"line":51,"column":4},"end":{"line":51,"column":39}},"7":{"start":{"line":60,"column":4},"end":{"line":60,"column":43}},"8":{"start":{"line":71,"column":17},"end":{"line":71,"column":48}},"9":{"start":{"line":72,"column":4},"end":{"line":74,"column":5}},"10":{"start":{"line":73,"column":6},"end":{"line":73,"column":19}},"11":{"start":{"line":77,"column":4},"end":{"line":79,"column":5}},"12":{"start":{"line":78,"column":6},"end":{"line":78,"column":72}},"13":{"start":{"line":81,"column":4},"end":{"line":81,"column":45}},"14":{"start":{"line":90,"column":4},"end":{"line":90,"column":42}},"15":{"start":{"line":99,"column":4},"end":{"line":99,"column":41}},"16":{"start":{"line":103,"column":0},"end":{"line":103,"column":29}}},"fnMap":{"0":{"name":"(anonymous_0)","decl":{"start":{"line":16,"column":2},"end":{"line":16,"column":3}},"loc":{"start":{"line":16,"column":25},"end":{"line":18,"column":3}},"line":16},"1":{"name":"(anonymous_1)","decl":{"start":{"line":27,"column":2},"end":{"line":27,"column":3}},"loc":{"start":{"line":27,"column":36},"end":{"line":35,"column":3}},"line":27},"2":{"name":"(anonymous_2)","decl":{"start":{"line":41,"column":2},"end":{"line":41,"column":3}},"loc":{"start":{"line":41,"column":20},"end":{"line":43,"column":3}},"line":41},"3":{"name":"(anonymous_3)","decl":{"start":{"line":50,"column":2},"end":{"line":50,"column":3}},"loc":{"start":{"line":50,"column":18},"end":{"line":52,"column":3}},"line":50},"4":{"name":"(anonymous_4)","decl":{"start":{"line":59,"column":2},"end":{"line":59,"column":3}},"loc":{"start":{"line":59,"column":22},"end":{"line":61,"column":3}},"line":59},"5":{"name":"(anonymous_5)","decl":{"start":{"line":70,"column":2},"end":{"line":70,"column":3}},"loc":{"start":{"line":70,"column":29},"end":{"line":82,"column":3}},"line":70},"6":{"name":"(anonymous_6)","decl":{"start":{"line":89,"column":2},"end":{"line":89,"column":3}},"loc":{"start":{"line":89,"column":22},"end":{"line":91,"column":3}},"line":89},"7":{"name":"(anonymous_7)","decl":{"start":{"line":98,"column":2},"end":{"line":98,"column":3}},"loc":{"start":{"line":98,"column":25},"end":{"line":100,"column":3}},"line":98}},"branchMap":{"0":{"loc":{"start":{"line":30,"column":4},"end":{"line":32,"column":5}},"type":"if","locations":[{"start":{"line":30,"column":4},"end":{"line":32,"column":5}},{"start":{},"end":{}}],"line":30},"1":{"loc":{"start":{"line":72,"column":4},"end":{"line":74,"column":5}},"type":"if","locations":[{"start":{"line":72,"column":4},"end":{"line":74,"column":5}},{"start":{},"end":{}}],"line":72},"2":{"loc":{"start":{"line":77,"column":4},"end":{"line":79,"column":5}},"type":"if","locations":[{"start":{"line":77,"column":4},"end":{"line":79,"column":5}},{"start":{},"end":{}}],"line":77}},"s":{"0":1,"1":1,"2":1,"3":0,"4":1,"5":0,"6":0,"7":0,"8":0,"9":0,"10":0,"11":0,"12":0,"13":0,"14":0,"15":0,"16":1},"f":{"0":1,"1":1,"2":0,"3":0,"4":0,"5":0,"6":0,"7":0},"b":{"0":[0,1],"1":[0,0],"2":[0,0]},"_coverageSchema":"1a1c01bbd47fc00a2c39e90264f33305004495a9","hash":"ebd6c6eb466b15985cc3d378a8177cc3890fd114"}
,"/Users/long/_dev/spec-project/realtime-chat/backend/src/services/StorageService.js": {"path":"/Users/long/_dev/spec-project/realtime-chat/backend/src/services/StorageService.js","statementMap":{"0":{"start":{"line":8,"column":17},"end":{"line":8,"column":42}},"1":{"start":{"line":9,"column":20},"end":{"line":9,"column":44}},"2":{"start":{"line":12,"column":18},"end":{"line":12,"column":27}},"3":{"start":{"line":24,"column":4},"end":{"line":26,"column":5}},"4":{"start":{"line":25,"column":6},"end":{"line":25,"column":35}},"5":{"start":{"line":28,"column":4},"end":{"line":28,"column":25}},"6":{"start":{"line":31,"column":4},"end":{"line":31,"column":30}},"7":{"start":{"line":34,"column":4},"end":{"line":34,"column":41}},"8":{"start":{"line":37,"column":4},"end":{"line":37,"column":32}},"9":{"start":{"line":45,"column":4},"end":{"line":45,"column":19}},"10":{"start":{"line":53,"column":4},"end":{"line":56,"column":5}},"11":{"start":{"line":54,"column":6},"end":{"line":54,"column":22}},"12":{"start":{"line":55,"column":6},"end":{"line":55,"column":36}},"13":{"start":{"line":64,"column":4},"end":{"line":64,"column":35}},"14":{"start":{"line":68,"column":0},"end":{"line":68,"column":32}}},"fnMap":{"0":{"name":"(anonymous_0)","decl":{"start":{"line":22,"column":2},"end":{"line":22,"column":3}},"loc":{"start":{"line":22,"column":22},"end":{"line":38,"column":3}},"line":22},"1":{"name":"(anonymous_1)","decl":{"start":{"line":44,"column":2},"end":{"line":44,"column":3}},"loc":{"start":{"line":44,"column":16},"end":{"line":46,"column":3}},"line":44},"2":{"name":"(anonymous_2)","decl":{"start":{"line":52,"column":2},"end":{"line":52,"column":3}},"loc":{"start":{"line":52,"column":10},"end":{"line":57,"column":3}},"line":52},"3":{"name":"(anonymous_3)","decl":{"start":{"line":63,"column":2},"end":{"line":63,"column":3}},"loc":{"start":{"line":63,"column":11},"end":{"line":65,"column":3}},"line":63}},"branchMap":{"0":{"loc":{"start":{"line":24,"column":4},"end":{"line":26,"column":5}},"type":"if","locations":[{"start":{"line":24,"column":4},"end":{"line":26,"column":5}},{"start":{},"end":{}}],"line":24},"1":{"loc":{"start":{"line":53,"column":4},"end":{"line":56,"column":5}},"type":"if","locations":[{"start":{"line":53,"column":4},"end":{"line":56,"column":5}},{"start":{},"end":{}}],"line":53},"2":{"loc":{"start":{"line":53,"column":8},"end":{"line":53,"column":31}},"type":"binary-expr","locations":[{"start":{"line":53,"column":8},"end":{"line":53,"column":15}},{"start":{"line":53,"column":19},"end":{"line":53,"column":31}}],"line":53},"3":{"loc":{"start":{"line":64,"column":11},"end":{"line":64,"column":34}},"type":"binary-expr","locations":[{"start":{"line":64,"column":11},"end":{"line":64,"column":18}},{"start":{"line":64,"column":22},"end":{"line":64,"column":34}}],"line":64}},"s":{"0":1,"1":1,"2":1,"3":3,"4":2,"5":1,"6":1,"7":1,"8":1,"9":2,"10":1,"11":1,"12":1,"13":0,"14":1},"f":{"0":3,"1":2,"2":1,"3":0},"b":{"0":[2,1],"1":[1,0],"2":[1,1],"3":[0,0]},"_coverageSchema":"1a1c01bbd47fc00a2c39e90264f33305004495a9","hash":"ae40bf67feae71ff9ba670a7f15462ebf982d0b8"}
}
