TN:
SF:src/db/init.js
FN:19,initDatabase
FNF:1
FNH:0
FNDA:0,initDatabase
DA:8,0
DA:9,0
DA:10,0
DA:11,0
DA:20,0
DA:23,0
DA:24,0
DA:25,0
DA:28,0
DA:29,0
DA:32,0
DA:35,0
DA:36,0
DA:39,0
DA:42,0
DA:43,0
DA:45,0
DA:48,0
DA:52,0
DA:53,0
DA:54,0
DA:56,0
DA:59,0
DA:63,0
DA:64,0
DA:65,0
DA:66,0
DA:67,0
DA:68,0
DA:71,0
LF:30
LH:0
BRDA:19,0,0,0
BRDA:23,1,0,0
BRDA:23,1,1,0
BRDA:29,2,0,0
BRDA:29,2,1,0
BRDA:35,3,0,0
BRDA:35,3,1,0
BRDA:35,4,0,0
BRDA:35,4,1,0
BRDA:63,5,0,0
BRDA:63,5,1,0
BRDA:64,6,0,0
BRDA:64,6,1,0
BRF:13
BRH:0
end_of_record
TN:
SF:src/db/migrate.js
FN:16,migrate
FNF:1
FNH:1
FNDA:1,migrate
DA:8,1
DA:9,1
DA:17,1
DA:19,1
DA:22,1
DA:23,1
DA:26,1
DA:35,1
DA:37,1
DA:40,1
DA:43,1
DA:54,1
DA:56,1
DA:59,1
DA:61,1
DA:64,1
DA:67,1
DA:81,1
DA:83,1
DA:86,1
DA:88,1
DA:91,1
DA:93,1
DA:94,1
DA:98,1
DA:99,0
DA:100,0
DA:101,0
DA:104,1
LF:29
LH:26
BRDA:98,0,0,0
BRDA:98,0,1,1
BRDA:99,1,0,0
BRDA:99,1,1,0
BRF:4
BRH:1
end_of_record
TN:
SF:src/db/seed-large.js
FN:16,seedLarge
FN:29,(anonymous_1)
FN:36,(anonymous_2)
FN:48,(anonymous_3)
FNF:4
FNH:0
FNDA:0,seedLarge
FNDA:0,(anonymous_1)
FNDA:0,(anonymous_2)
FNDA:0,(anonymous_3)
DA:8,0
DA:9,0
DA:10,0
DA:17,0
DA:19,0
DA:21,0
DA:24,0
DA:28,0
DA:29,0
DA:30,0
DA:32,0
DA:35,0
DA:36,0
DA:39,0
DA:40,0
DA:43,0
DA:48,0
DA:49,0
DA:50,0
DA:51,0
DA:52,0
DA:53,0
DA:57,0
DA:59,0
DA:60,0
DA:62,0
DA:66,0
DA:67,0
DA:68,0
DA:69,0
DA:72,0
LF:31
LH:0
BRDA:66,0,0,0
BRDA:66,0,1,0
BRDA:67,1,0,0
BRDA:67,1,1,0
BRF:4
BRH:0
end_of_record
TN:
SF:src/db/seed.js
FN:16,seed
FN:29,(anonymous_1)
FN:57,(anonymous_2)
FNF:3
FNH:0
FNDA:0,seed
FNDA:0,(anonymous_1)
FNDA:0,(anonymous_2)
DA:8,0
DA:9,0
DA:10,0
DA:17,0
DA:19,0
DA:21,0
DA:24,0
DA:28,0
DA:29,0
DA:30,0
DA:32,0
DA:35,0
DA:36,0
DA:37,0
DA:38,0
DA:41,0
DA:42,0
DA:45,0
DA:50,0
DA:57,0
DA:58,0
DA:61,0
DA:62,0
DA:64,0
DA:68,0
DA:69,0
DA:70,0
DA:71,0
DA:74,0
LF:29
LH:0
BRDA:68,0,0,0
BRDA:68,0,1,0
BRDA:69,1,0,0
BRDA:69,1,1,0
BRF:4
BRH:0
end_of_record
TN:
SF:src/handlers/authHandler.js
FN:19,authHandler
FN:28,(anonymous_1)
FN:81,(anonymous_2)
FNF:3
FNH:3
FNDA:1,authHandler
FNDA:1,(anonymous_1)
FNDA:1,(anonymous_2)
DA:8,1
DA:9,1
DA:10,1
DA:13,1
DA:20,1
DA:21,1
DA:22,1
DA:23,1
DA:28,1
DA:29,1
DA:30,1
DA:33,1
DA:34,1
DA:35,0
DA:36,0
DA:39,1
DA:42,1
DA:43,0
DA:46,0
DA:50,1
DA:51,1
DA:52,1
DA:56,1
DA:57,1
DA:58,1
DA:61,1
DA:64,1
DA:67,1
DA:72,0
DA:81,1
DA:82,1
DA:83,1
DA:84,1
DA:89,1
LF:34
LH:29
BRDA:20,0,0,1
BRDA:20,0,1,1
BRDA:30,1,0,1
BRDA:30,1,1,0
BRDA:34,2,0,0
BRDA:34,2,1,1
BRDA:42,3,0,0
BRDA:42,3,1,1
BRDA:51,4,0,1
BRDA:51,4,1,0
BRDA:73,5,0,0
BRDA:73,5,1,0
BRDA:82,6,0,1
BRDA:82,6,1,0
BRF:14
BRH:7
end_of_record
TN:
SF:src/handlers/messageHandler.js
FN:20,messageHandler
FN:32,(anonymous_1)
FN:84,(anonymous_2)
FN:125,(anonymous_3)
FNF:4
FNH:0
FNDA:0,messageHandler
FNDA:0,(anonymous_1)
FNDA:0,(anonymous_2)
FNDA:0,(anonymous_3)
DA:8,0
DA:9,0
DA:10,0
DA:11,0
DA:14,0
DA:21,0
DA:22,0
DA:23,0
DA:25,0
DA:26,0
DA:27,0
DA:32,0
DA:33,0
DA:35,0
DA:36,0
DA:37,0
DA:41,0
DA:42,0
DA:43,0
DA:44,0
DA:47,0
DA:48,0
DA:49,0
DA:50,0
DA:53,0
DA:61,0
DA:70,0
DA:77,0
DA:84,0
DA:85,0
DA:87,0
DA:88,0
DA:89,0
DA:93,0
DA:94,0
DA:95,0
DA:96,0
DA:99,0
DA:102,0
DA:103,0
DA:104,0
DA:108,0
DA:109,0
DA:112,0
DA:116,0
DA:119,0
DA:125,0
DA:126,0
DA:127,0
DA:136,0
DA:142,0
DA:147,0
LF:52
LH:0
BRDA:21,0,0,0
BRDA:21,0,1,0
BRDA:35,1,0,0
BRDA:35,1,1,0
BRDA:42,2,0,0
BRDA:42,2,1,0
BRDA:47,3,0,0
BRDA:47,3,1,0
BRDA:77,4,0,0
BRDA:77,4,1,0
BRDA:87,5,0,0
BRDA:87,5,1,0
BRDA:94,6,0,0
BRDA:94,6,1,0
BRDA:99,7,0,0
BRDA:99,8,0,0
BRDA:99,9,0,0
BRDA:99,9,1,0
BRDA:102,10,0,0
BRDA:102,10,1,0
BRDA:108,11,0,0
BRDA:108,11,1,0
BRDA:130,12,0,0
BRDA:130,12,1,0
BRDA:142,13,0,0
BRDA:142,13,1,0
BRF:26
BRH:0
end_of_record
TN:
SF:src/handlers/roomHandler.js
FN:23,roomHandler
FN:36,(anonymous_1)
FN:106,(anonymous_2)
FN:127,(anonymous_3)
FN:173,(anonymous_4)
FN:216,(anonymous_5)
FN:282,(anonymous_6)
FNF:7
FNH:3
FNDA:1,roomHandler
FNDA:1,(anonymous_1)
FNDA:0,(anonymous_2)
FNDA:0,(anonymous_3)
FNDA:0,(anonymous_4)
FNDA:0,(anonymous_5)
FNDA:1,(anonymous_6)
DA:8,1
DA:9,1
DA:10,1
DA:11,1
DA:12,1
DA:13,1
DA:14,1
DA:17,1
DA:24,1
DA:25,1
DA:26,1
DA:28,1
DA:29,1
DA:30,1
DA:31,1
DA:36,1
DA:37,1
DA:39,1
DA:40,0
DA:41,0
DA:44,1
DA:45,1
DA:46,1
DA:49,1
DA:50,1
DA:51,0
DA:52,0
DA:56,1
DA:57,1
DA:58,1
DA:62,1
DA:63,0
DA:64,0
DA:68,1
DA:69,1
DA:70,0
DA:71,0
DA:73,0
DA:74,0
DA:77,0
DA:80,0
DA:88,1
DA:89,1
DA:92,1
DA:93,1
DA:96,1
DA:99,1
DA:102,1
DA:106,0
DA:115,1
DA:120,0
DA:127,1
DA:128,0
DA:130,0
DA:131,0
DA:132,0
DA:135,0
DA:136,0
DA:138,0
DA:139,0
DA:140,0
DA:143,0
DA:144,0
DA:145,0
DA:146,0
DA:150,0
DA:151,0
DA:154,0
DA:155,0
DA:158,0
DA:161,0
DA:166,0
DA:173,1
DA:174,0
DA:176,0
DA:177,0
DA:178,0
DA:181,0
DA:182,0
DA:183,0
DA:186,0
DA:187,0
DA:188,0
DA:189,0
DA:193,0
DA:194,0
DA:195,0
DA:196,0
DA:200,0
DA:203,0
DA:209,0
DA:216,1
DA:217,0
DA:219,0
DA:220,0
DA:221,0
DA:224,0
DA:225,0
DA:227,0
DA:228,0
DA:229,0
DA:232,0
DA:233,0
DA:234,0
DA:235,0
DA:239,0
DA:240,0
DA:241,0
DA:245,0
DA:248,0
DA:249,0
DA:250,0
DA:254,0
DA:260,0
DA:266,0
DA:267,0
DA:268,0
DA:269,0
DA:270,0
DA:271,0
DA:275,0
DA:282,1
DA:283,1
DA:284,1
DA:285,1
DA:287,1
DA:288,1
DA:289,0
DA:290,0
DA:293,0
DA:303,1
LF:131
LH:47
BRDA:24,0,0,1
BRDA:24,0,1,1
BRDA:39,1,0,0
BRDA:39,1,1,1
BRDA:44,2,0,1
BRDA:44,2,1,0
BRDA:50,3,0,0
BRDA:50,3,1,1
BRDA:57,4,0,1
BRDA:57,4,1,0
BRDA:62,5,0,0
BRDA:62,5,1,1
BRDA:69,6,0,0
BRDA:69,6,1,1
BRDA:69,7,0,1
BRDA:69,7,1,0
BRDA:71,8,0,0
BRDA:71,8,1,0
BRDA:109,9,0,0
BRDA:109,9,1,0
BRDA:120,10,0,0
BRDA:120,10,1,0
BRDA:130,11,0,0
BRDA:130,11,1,0
BRDA:138,12,0,0
BRDA:138,12,1,0
BRDA:144,13,0,0
BRDA:144,13,1,0
BRDA:166,14,0,0
BRDA:166,14,1,0
BRDA:176,15,0,0
BRDA:176,15,1,0
BRDA:181,16,0,0
BRDA:181,16,1,0
BRDA:187,17,0,0
BRDA:187,17,1,0
BRDA:194,18,0,0
BRDA:194,18,1,0
BRDA:194,19,0,0
BRDA:194,19,1,0
BRDA:209,20,0,0
BRDA:209,20,1,0
BRDA:219,21,0,0
BRDA:219,21,1,0
BRDA:224,22,0,0
BRDA:224,22,1,0
BRDA:227,23,0,0
BRDA:227,23,1,0
BRDA:233,24,0,0
BRDA:233,24,1,0
BRDA:239,25,0,0
BRDA:239,25,1,0
BRDA:269,26,0,0
BRDA:269,26,1,0
BRDA:275,27,0,0
BRDA:275,27,1,0
BRDA:283,28,0,1
BRDA:283,28,1,0
BRDA:283,29,0,1
BRDA:283,29,1,1
BRDA:287,30,0,1
BRDA:287,30,1,0
BRDA:289,31,0,0
BRDA:289,31,1,0
BRF:64
BRH:13
end_of_record
TN:
SF:src/models/Message.js
FN:16,(anonymous_0)
FN:26,(anonymous_1)
FN:55,(anonymous_2)
FN:86,(anonymous_3)
FN:98,(anonymous_4)
FN:109,(anonymous_5)
FNF:6
FNH:2
FNDA:1,(anonymous_0)
FNDA:0,(anonymous_1)
FNDA:1,(anonymous_2)
FNDA:0,(anonymous_3)
FNDA:0,(anonymous_4)
FNDA:0,(anonymous_5)
DA:17,1
DA:27,0
DA:29,0
DA:34,0
DA:35,0
DA:37,0
DA:56,1
DA:59,1
DA:60,1
DA:63,1
DA:70,1
DA:71,1
DA:73,1
DA:87,0
DA:88,0
DA:89,0
DA:99,0
DA:100,0
DA:101,0
DA:110,0
DA:111,0
DA:115,1
LF:22
LH:9
BRDA:55,0,0,0
BRDA:56,1,0,0
BRDA:56,2,0,0
BRDA:111,3,0,0
BRDA:111,3,1,0
BRF:5
BRH:0
end_of_record
TN:
SF:src/models/Room.js
FN:18,(anonymous_0)
FN:29,(anonymous_1)
FN:57,(anonymous_2)
FN:67,(anonymous_3)
FN:76,(anonymous_4)
FN:86,(anonymous_5)
FN:98,(anonymous_6)
FN:109,(anonymous_7)
FNF:8
FNH:4
FNDA:1,(anonymous_0)
FNDA:1,(anonymous_1)
FNDA:1,(anonymous_2)
FNDA:2,(anonymous_3)
FNDA:0,(anonymous_4)
FNDA:0,(anonymous_5)
FNDA:0,(anonymous_6)
FNDA:0,(anonymous_7)
DA:8,1
DA:19,1
DA:30,1
DA:31,1
DA:32,0
DA:35,1
DA:40,1
DA:41,1
DA:43,1
DA:58,1
DA:59,0
DA:68,2
DA:69,2
DA:77,0
DA:78,0
DA:87,0
DA:88,0
DA:89,0
DA:90,0
DA:99,0
DA:100,0
DA:101,0
DA:110,0
DA:111,0
DA:112,0
DA:116,1
LF:26
LH:12
BRDA:31,0,0,0
BRDA:31,0,1,1
BRDA:59,1,0,0
BRDA:59,1,1,0
BRDA:69,2,0,2
BRDA:69,2,1,2
BRF:6
BRH:3
end_of_record
TN:
SF:src/models/User.js
FN:18,(anonymous_0)
FN:28,(anonymous_1)
FN:55,(anonymous_2)
FN:65,(anonymous_3)
FN:76,(anonymous_4)
FN:86,(anonymous_5)
FN:96,(anonymous_6)
FNF:7
FNH:4
FNDA:1,(anonymous_0)
FNDA:1,(anonymous_1)
FNDA:1,(anonymous_2)
FNDA:0,(anonymous_3)
FNDA:1,(anonymous_4)
FNDA:0,(anonymous_5)
FNDA:0,(anonymous_6)
DA:8,1
DA:19,1
DA:29,1
DA:30,1
DA:31,0
DA:34,1
DA:39,1
DA:40,1
DA:42,1
DA:56,1
DA:57,1
DA:66,0
DA:67,0
DA:77,1
DA:78,1
DA:79,1
DA:87,0
DA:88,0
DA:97,0
DA:98,0
DA:99,0
DA:103,1
LF:22
LH:14
BRDA:30,0,0,0
BRDA:30,0,1,1
BRDA:57,1,0,1
BRDA:57,1,1,1
BRDA:67,2,0,0
BRDA:67,2,1,0
BRF:6
BRH:3
end_of_record
TN:
SF:src/services/MessageService.js
FN:18,(anonymous_0)
FN:28,(anonymous_1)
FN:61,(anonymous_2)
FN:71,(anonymous_3)
FN:80,(anonymous_4)
FN:90,(anonymous_5)
FN:99,(anonymous_6)
FNF:7
FNH:2
FNDA:1,(anonymous_0)
FNDA:0,(anonymous_1)
FNDA:1,(anonymous_2)
FNDA:0,(anonymous_3)
FNDA:0,(anonymous_4)
FNDA:0,(anonymous_5)
FNDA:0,(anonymous_6)
DA:8,1
DA:19,1
DA:29,0
DA:32,0
DA:33,0
DA:34,0
DA:38,0
DA:46,0
DA:49,0
DA:62,1
DA:63,1
DA:72,0
DA:81,0
DA:91,0
DA:100,0
DA:101,0
DA:102,0
DA:104,0
DA:108,1
LF:19
LH:5
BRDA:33,0,0,0
BRDA:33,0,1,0
BRDA:61,1,0,0
BRDA:62,2,0,0
BRDA:62,3,0,0
BRDA:101,4,0,0
BRDA:101,4,1,0
BRF:7
BRH:0
end_of_record
TN:
SF:src/services/PresenceService.js
FN:15,(anonymous_0)
FN:29,(anonymous_1)
FN:60,(anonymous_2)
FN:86,(anonymous_3)
FN:103,(anonymous_4)
FN:115,(anonymous_5)
FN:125,(anonymous_6)
FN:136,(anonymous_7)
FN:144,(anonymous_8)
FN:152,(anonymous_9)
FNF:10
FNH:4
FNDA:1,(anonymous_0)
FNDA:1,(anonymous_1)
FNDA:0,(anonymous_2)
FNDA:0,(anonymous_3)
FNDA:1,(anonymous_4)
FNDA:1,(anonymous_5)
FNDA:0,(anonymous_6)
FNDA:0,(anonymous_7)
FNDA:0,(anonymous_8)
FNDA:0,(anonymous_9)
DA:17,1
DA:20,1
DA:30,1
DA:33,1
DA:34,0
DA:37,0
DA:38,0
DA:43,1
DA:44,1
DA:46,1
DA:49,1
DA:51,1
DA:61,0
DA:62,0
DA:65,0
DA:66,0
DA:69,0
DA:70,0
DA:74,0
DA:75,0
DA:78,0
DA:87,0
DA:89,0
DA:90,0
DA:91,0
DA:92,0
DA:95,0
DA:104,1
DA:105,0
DA:107,1
DA:116,1
DA:126,0
DA:127,0
DA:129,0
DA:137,0
DA:145,0
DA:153,0
DA:154,0
DA:158,1
LF:39
LH:13
BRDA:33,0,0,0
BRDA:33,0,1,1
BRDA:37,1,0,0
BRDA:37,1,1,0
BRDA:43,2,0,1
BRDA:43,2,1,0
BRDA:61,3,0,0
BRDA:61,3,1,0
BRDA:69,4,0,0
BRDA:69,4,1,0
BRDA:74,5,0,0
BRDA:74,5,1,0
BRDA:89,6,0,0
BRDA:89,6,1,0
BRDA:104,7,0,0
BRDA:104,7,1,1
BRDA:116,8,0,1
BRDA:116,8,1,1
BRDA:126,9,0,0
BRDA:126,9,1,0
BRF:20
BRH:5
end_of_record
TN:
SF:src/services/RoomService.js
FN:16,(anonymous_0)
FN:27,(anonymous_1)
FN:41,(anonymous_2)
FN:50,(anonymous_3)
FN:59,(anonymous_4)
FN:70,(anonymous_5)
FN:89,(anonymous_6)
FN:98,(anonymous_7)
FNF:8
FNH:2
FNDA:1,(anonymous_0)
FNDA:1,(anonymous_1)
FNDA:0,(anonymous_2)
FNDA:0,(anonymous_3)
FNDA:0,(anonymous_4)
FNDA:0,(anonymous_5)
FNDA:0,(anonymous_6)
FNDA:0,(anonymous_7)
DA:17,1
DA:29,1
DA:30,1
DA:31,0
DA:34,1
DA:42,0
DA:51,0
DA:60,0
DA:71,0
DA:72,0
DA:73,0
DA:77,0
DA:78,0
DA:81,0
DA:90,0
DA:99,0
DA:103,1
LF:17
LH:5
BRDA:30,0,0,0
BRDA:30,0,1,1
BRDA:72,1,0,0
BRDA:72,1,1,0
BRDA:77,2,0,0
BRDA:77,2,1,0
BRF:6
BRH:1
end_of_record
TN:
SF:src/services/StorageService.js
FN:22,(anonymous_0)
FN:44,(anonymous_1)
FN:52,(anonymous_2)
FN:63,(anonymous_3)
FNF:4
FNH:3
FNDA:3,(anonymous_0)
FNDA:2,(anonymous_1)
FNDA:1,(anonymous_2)
FNDA:0,(anonymous_3)
DA:8,1
DA:9,1
DA:12,1
DA:24,3
DA:25,2
DA:28,1
DA:31,1
DA:34,1
DA:37,1
DA:45,2
DA:53,1
DA:54,1
DA:55,1
DA:64,0
DA:68,1
LF:15
LH:14
BRDA:24,0,0,2
BRDA:24,0,1,1
BRDA:53,1,0,1
BRDA:53,1,1,0
BRDA:53,2,0,1
BRDA:53,2,1,1
BRDA:64,3,0,0
BRDA:64,3,1,0
BRF:8
BRH:5
end_of_record
